2020-05-08T12:00:02.884574Z: t=0307: Info: jura: Connectivity change was: offline, now: online (NetworkMonitor_mac.mm.onReachabilityChange.198)
2020-05-08T12:00:03.048679Z: t=6d1f: Info: syn: Begin Handling network online for 8D0E76C95CFBD7880A495C73@AdobeID (SyncController.cpp.networkOnlineHandler.880)
2020-05-08T12:00:03.048863Z: t=6d1f: Info: syn: Begin Starting for 8D0E76C95CFBD7880A495C73@AdobeID (SyncController.cpp.startHandler.789)
2020-05-08T12:00:03.062204Z: t=6d1f: Info: syn: Begin Starting jobs for 8D0E76C95CFBD7880A495C73@AdobeID (SyncController.cpp.startJobsHandlerIf.1804)
2020-05-08T12:00:03.071878Z: t=14203: Info: job: Begin Start 8D0E76C95CFBD7880A495C73@AdobeID.00000000-0000-0000-0000-000000000000.files (JobController.cpp.startHandler.2693)
2020-05-08T12:00:03.072083Z: t=b703: Info: job: Begin Start 8D0E76C95CFBD7880A495C73@AdobeID.00000000-0000-0000-0000-000000000000.cloudnative (JobController.cpp.startHandler.2693)
2020-05-08T12:00:03.072241Z: t=b703: Info: job: Start failed - job is not authorized invalidated 8D0E76C95CFBD7880A495C73@AdobeID.00000000-0000-0000-0000-000000000000.cloudnative (JobController.cpp.startHandler.2704)
2020-05-08T12:00:03.078406Z: t=14203: Info: job: Start failed - job is not authorized invalidated 8D0E76C95CFBD7880A495C73@AdobeID.00000000-0000-0000-0000-000000000000.files (JobController.cpp.startHandler.2704)
2020-05-08T12:00:03.116866Z: t=14203: Info: job: End Start 8D0E76C95CFBD7880A495C73@AdobeID.00000000-0000-0000-0000-000000000000.files (JobController.cpp.startHandler.2693)
2020-05-08T12:00:03.117137Z: t=b703: Info: job: End Start 8D0E76C95CFBD7880A495C73@AdobeID.00000000-0000-0000-0000-000000000000.cloudnative (JobController.cpp.startHandler.2693)
2020-05-08T12:00:03.117187Z: t=14203: Error: task: exception unauthorized musync:13 in doWork (Task.h.doWork.188)
2020-05-08T12:00:03.117228Z: t=b703: Error: task: exception unauthorized musync:13 in doWork (Task.h.doWork.188)
2020-05-08T12:00:03.117476Z: t=6d1f: Info: syn: End Starting jobs for 8D0E76C95CFBD7880A495C73@AdobeID (SyncController.cpp.startJobsHandlerIf.1804)
2020-05-08T12:00:03.117991Z: t=6d1f: Info: syn: Begin Starting change monitors for 8D0E76C95CFBD7880A495C73@AdobeID (SyncController.cpp.startChangeMonitorsHandlerIf.2121)
2020-05-08T12:00:03.118148Z: t=b307: Info: mon: Begin Start 8D0E76C95CFBD7880A495C73@AdobeID.00000000-0000-0000-0000-000000000000.cclibraries (ChangeMonitorController.cpp.startHandler.413)
2020-05-08T12:00:03.118294Z: t=b307: Info: mon: Start failed - changeMonitor is not authorized invalidated 8D0E76C95CFBD7880A495C73@AdobeID.00000000-0000-0000-0000-000000000000.cclibraries (ChangeMonitorController.cpp.startHandler.424)
2020-05-08T12:00:03.118361Z: t=b307: Info: mon: End Start 8D0E76C95CFBD7880A495C73@AdobeID.00000000-0000-0000-0000-000000000000.cclibraries (ChangeMonitorController.cpp.startHandler.413)
2020-05-08T12:00:03.118421Z: t=b307: Error: task: exception unauthorized musync:13 in doWork (Task.h.doWork.188)
2020-05-08T12:00:03.118505Z: t=6d1f: Info: syn: End Starting change monitors for 8D0E76C95CFBD7880A495C73@AdobeID (SyncController.cpp.startChangeMonitorsHandlerIf.2121)
2020-05-08T12:00:03.118781Z: t=6d1f: Info: syn: End Starting for 8D0E76C95CFBD7880A495C73@AdobeID (SyncController.cpp.startHandler.789)
2020-05-08T12:00:03.118836Z: t=6d1f: Info: syn: End Handling network online for 8D0E76C95CFBD7880A495C73@AdobeID (SyncController.cpp.networkOnlineHandler.880)
2020-05-08T12:00:03.118883Z: t=6d1f: Error: syn: exception unauthorized musync:13 network.online (SyncController.cpp.networkOnline.755)
2020-05-08T12:00:04.116696Z: t=0307: Info: jura: Connectivity change was: online, now: offline (NetworkMonitor_mac.mm.onReachabilityChange.198)
2020-05-08T12:00:04.118932Z: t=6d1f: Info: syn: Begin Handling network offline for 8D0E76C95CFBD7880A495C73@AdobeID (SyncController.cpp.networkOfflineHandler.875)
2020-05-08T12:00:04.119470Z: t=6d1f: Info: syn: Begin Stopping due to connectivity for 8D0E76C95CFBD7880A495C73@AdobeID (SyncController.cpp.stopHandler.813)
2020-05-08T12:00:04.119546Z: t=6d1f: Info: syn: Begin Stopping jobs for 8D0E76C95CFBD7880A495C73@AdobeID (SyncController.cpp.stopJobsHandlerIf.1785)
2020-05-08T12:00:04.121260Z: t=14203: Info: job: Begin Stop in state connectivity from current state stopped+auth 8D0E76C95CFBD7880A495C73@AdobeID.00000000-0000-0000-0000-000000000000.files (JobController.cpp.stopHandler.2799)
2020-05-08T12:00:04.121227Z: t=b703: Info: job: Begin Stop in state connectivity from current state stopped+auth 8D0E76C95CFBD7880A495C73@AdobeID.00000000-0000-0000-0000-000000000000.cloudnative (JobController.cpp.stopHandler.2799)
2020-05-08T12:00:04.121394Z: t=b703: Info: job: Job is already stopped 8D0E76C95CFBD7880A495C73@AdobeID.00000000-0000-0000-0000-000000000000.cloudnative (JobController.cpp.stopHandler.2841)
2020-05-08T12:00:04.121489Z: t=b703: Info: job: End Stop in state connectivity from current state stopped+auth 8D0E76C95CFBD7880A495C73@AdobeID.00000000-0000-0000-0000-000000000000.cloudnative (JobController.cpp.stopHandler.2799)
2020-05-08T12:00:04.121347Z: t=14203: Info: job: Job is already stopped 8D0E76C95CFBD7880A495C73@AdobeID.00000000-0000-0000-0000-000000000000.files (JobController.cpp.stopHandler.2841)
2020-05-08T12:00:04.123984Z: t=14203: Info: job: End Stop in state connectivity from current state stopped+auth 8D0E76C95CFBD7880A495C73@AdobeID.00000000-0000-0000-0000-000000000000.files (JobController.cpp.stopHandler.2799)
2020-05-08T12:00:04.125173Z: t=6d1f: Info: syn: End Stopping jobs for 8D0E76C95CFBD7880A495C73@AdobeID (SyncController.cpp.stopJobsHandlerIf.1785)
2020-05-08T12:00:04.125272Z: t=6d1f: Info: syn: Begin Stopping change monitors for 8D0E76C95CFBD7880A495C73@AdobeID (SyncController.cpp.stopChangeMonitorsHandlerIf.2105)
2020-05-08T12:00:04.126387Z: t=b307: Info: mon: Begin Stop in state connectivity from current state stopped+auth 8D0E76C95CFBD7880A495C73@AdobeID.00000000-0000-0000-0000-000000000000.cclibraries (ChangeMonitorController.cpp.stopHandler.447)
2020-05-08T12:00:04.126475Z: t=b307: Info: mon: Stop skipped - changeMonitor is already stopped 8D0E76C95CFBD7880A495C73@AdobeID.00000000-0000-0000-0000-000000000000.cclibraries (ChangeMonitorController.cpp.stopHandler.454)
2020-05-08T12:00:04.126524Z: t=b307: Info: mon: End Stop in state connectivity from current state stopped+auth 8D0E76C95CFBD7880A495C73@AdobeID.00000000-0000-0000-0000-000000000000.cclibraries (ChangeMonitorController.cpp.stopHandler.447)
2020-05-08T12:00:04.126793Z: t=6d1f: Info: syn: End Stopping change monitors for 8D0E76C95CFBD7880A495C73@AdobeID (SyncController.cpp.stopChangeMonitorsHandlerIf.2105)
2020-05-08T12:00:04.126852Z: t=6d1f: Info: syn: End Stopping due to connectivity for 8D0E76C95CFBD7880A495C73@AdobeID (SyncController.cpp.stopHandler.813)
2020-05-08T12:00:04.126890Z: t=6d1f: Info: syn: End Handling network offline for 8D0E76C95CFBD7880A495C73@AdobeID (SyncController.cpp.networkOfflineHandler.875)
2020-05-08T12:00:08.089490Z: t=0307: Info: jura: Connectivity change was: offline, now: online (NetworkMonitor_mac.mm.onReachabilityChange.198)
2020-05-08T12:00:08.092651Z: t=6d1f: Info: syn: Begin Handling network online for 8D0E76C95CFBD7880A495C73@AdobeID (SyncController.cpp.networkOnlineHandler.880)
2020-05-08T12:00:08.092725Z: t=6d1f: Info: syn: Begin Starting for 8D0E76C95CFBD7880A495C73@AdobeID (SyncController.cpp.startHandler.789)
2020-05-08T12:00:08.092845Z: t=6d1f: Info: syn: Begin Starting jobs for 8D0E76C95CFBD7880A495C73@AdobeID (SyncController.cpp.startJobsHandlerIf.1804)
2020-05-08T12:00:08.094028Z: t=b703: Info: job: Begin Start 8D0E76C95CFBD7880A495C73@AdobeID.00000000-0000-0000-0000-000000000000.cloudnative (JobController.cpp.startHandler.2693)
2020-05-08T12:00:08.094142Z: t=b703: Info: job: Start failed - job is not authorized invalidated 8D0E76C95CFBD7880A495C73@AdobeID.00000000-0000-0000-0000-000000000000.cloudnative (JobController.cpp.startHandler.2704)
2020-05-08T12:00:08.094206Z: t=b703: Info: job: End Start 8D0E76C95CFBD7880A495C73@AdobeID.00000000-0000-0000-0000-000000000000.cloudnative (JobController.cpp.startHandler.2693)
2020-05-08T12:00:08.094295Z: t=b703: Error: task: exception unauthorized musync:13 in doWork (Task.h.doWork.188)
2020-05-08T12:00:08.094044Z: t=14203: Info: job: Begin Start 8D0E76C95CFBD7880A495C73@AdobeID.00000000-0000-0000-0000-000000000000.files (JobController.cpp.startHandler.2693)
2020-05-08T12:00:08.095126Z: t=14203: Info: job: Start failed - job is not authorized invalidated 8D0E76C95CFBD7880A495C73@AdobeID.00000000-0000-0000-0000-000000000000.files (JobController.cpp.startHandler.2704)
2020-05-08T12:00:08.095264Z: t=14203: Info: job: End Start 8D0E76C95CFBD7880A495C73@AdobeID.00000000-0000-0000-0000-000000000000.files (JobController.cpp.startHandler.2693)
2020-05-08T12:00:08.095326Z: t=14203: Error: task: exception unauthorized musync:13 in doWork (Task.h.doWork.188)
2020-05-08T12:00:08.095507Z: t=6d1f: Info: syn: End Starting jobs for 8D0E76C95CFBD7880A495C73@AdobeID (SyncController.cpp.startJobsHandlerIf.1804)
2020-05-08T12:00:08.095588Z: t=6d1f: Info: syn: Begin Starting change monitors for 8D0E76C95CFBD7880A495C73@AdobeID (SyncController.cpp.startChangeMonitorsHandlerIf.2121)
2020-05-08T12:00:08.096960Z: t=b307: Info: mon: Begin Start 8D0E76C95CFBD7880A495C73@AdobeID.00000000-0000-0000-0000-000000000000.cclibraries (ChangeMonitorController.cpp.startHandler.413)
2020-05-08T12:00:08.097076Z: t=b307: Info: mon: Start failed - changeMonitor is not authorized invalidated 8D0E76C95CFBD7880A495C73@AdobeID.00000000-0000-0000-0000-000000000000.cclibraries (ChangeMonitorController.cpp.startHandler.424)
2020-05-08T12:00:08.097136Z: t=b307: Info: mon: End Start 8D0E76C95CFBD7880A495C73@AdobeID.00000000-0000-0000-0000-000000000000.cclibraries (ChangeMonitorController.cpp.startHandler.413)
2020-05-08T12:00:08.097184Z: t=b307: Error: task: exception unauthorized musync:13 in doWork (Task.h.doWork.188)
2020-05-08T12:00:08.099170Z: t=6d1f: Info: syn: End Starting change monitors for 8D0E76C95CFBD7880A495C73@AdobeID (SyncController.cpp.startChangeMonitorsHandlerIf.2121)
2020-05-08T12:00:08.099276Z: t=6d1f: Info: syn: End Starting for 8D0E76C95CFBD7880A495C73@AdobeID (SyncController.cpp.startHandler.789)
2020-05-08T12:00:08.099330Z: t=6d1f: Info: syn: End Handling network online for 8D0E76C95CFBD7880A495C73@AdobeID (SyncController.cpp.networkOnlineHandler.880)
2020-05-08T12:00:08.099374Z: t=6d1f: Error: syn: exception unauthorized musync:13 network.online (SyncController.cpp.networkOnline.755)
2020-05-08T19:14:59.827153Z: t=0307: Info: jura: Connectivity change was: online, now: offline (NetworkMonitor_mac.mm.onReachabilityChange.198)
2020-05-08T19:14:59.828517Z: t=6d1f: Info: syn: Begin Handling network offline for 8D0E76C95CFBD7880A495C73@AdobeID (SyncController.cpp.networkOfflineHandler.875)
2020-05-08T19:14:59.829588Z: t=6d1f: Info: syn: Begin Stopping due to connectivity for 8D0E76C95CFBD7880A495C73@AdobeID (SyncController.cpp.stopHandler.813)
2020-05-08T19:14:59.829815Z: t=6d1f: Info: syn: Begin Stopping jobs for 8D0E76C95CFBD7880A495C73@AdobeID (SyncController.cpp.stopJobsHandlerIf.1785)
2020-05-08T19:14:59.830226Z: t=b703: Info: job: Begin Stop in state connectivity from current state stopped+auth 8D0E76C95CFBD7880A495C73@AdobeID.00000000-0000-0000-0000-000000000000.cloudnative (JobController.cpp.stopHandler.2799)
2020-05-08T19:14:59.830386Z: t=b703: Info: job: Job is already stopped 8D0E76C95CFBD7880A495C73@AdobeID.00000000-0000-0000-0000-000000000000.cloudnative (JobController.cpp.stopHandler.2841)
2020-05-08T19:14:59.830447Z: t=b703: Info: job: End Stop in state connectivity from current state stopped+auth 8D0E76C95CFBD7880A495C73@AdobeID.00000000-0000-0000-0000-000000000000.cloudnative (JobController.cpp.stopHandler.2799)
2020-05-08T19:14:59.830606Z: t=14203: Info: job: Begin Stop in state connectivity from current state stopped+auth 8D0E76C95CFBD7880A495C73@AdobeID.00000000-0000-0000-0000-000000000000.files (JobController.cpp.stopHandler.2799)
2020-05-08T19:14:59.830722Z: t=14203: Info: job: Job is already stopped 8D0E76C95CFBD7880A495C73@AdobeID.00000000-0000-0000-0000-000000000000.files (JobController.cpp.stopHandler.2841)
2020-05-08T19:14:59.830918Z: t=14203: Info: job: End Stop in state connectivity from current state stopped+auth 8D0E76C95CFBD7880A495C73@AdobeID.00000000-0000-0000-0000-000000000000.files (JobController.cpp.stopHandler.2799)
2020-05-08T19:14:59.832891Z: t=6d1f: Info: syn: End Stopping jobs for 8D0E76C95CFBD7880A495C73@AdobeID (SyncController.cpp.stopJobsHandlerIf.1785)
2020-05-08T19:14:59.839899Z: t=6d1f: Info: syn: Begin Stopping change monitors for 8D0E76C95CFBD7880A495C73@AdobeID (SyncController.cpp.stopChangeMonitorsHandlerIf.2105)
2020-05-08T19:14:59.846574Z: t=b307: Info: mon: Begin Stop in state connectivity from current state stopped+auth 8D0E76C95CFBD7880A495C73@AdobeID.00000000-0000-0000-0000-000000000000.cclibraries (ChangeMonitorController.cpp.stopHandler.447)
2020-05-08T19:14:59.846760Z: t=b307: Info: mon: Stop skipped - changeMonitor is already stopped 8D0E76C95CFBD7880A495C73@AdobeID.00000000-0000-0000-0000-000000000000.cclibraries (ChangeMonitorController.cpp.stopHandler.454)
2020-05-08T19:14:59.846823Z: t=b307: Info: mon: End Stop in state connectivity from current state stopped+auth 8D0E76C95CFBD7880A495C73@AdobeID.00000000-0000-0000-0000-000000000000.cclibraries (ChangeMonitorController.cpp.stopHandler.447)
2020-05-08T19:14:59.847540Z: t=6d1f: Info: syn: End Stopping change monitors for 8D0E76C95CFBD7880A495C73@AdobeID (SyncController.cpp.stopChangeMonitorsHandlerIf.2105)
2020-05-08T19:14:59.847614Z: t=6d1f: Info: syn: End Stopping due to connectivity for 8D0E76C95CFBD7880A495C73@AdobeID (SyncController.cpp.stopHandler.813)
2020-05-08T19:14:59.847697Z: t=6d1f: Info: syn: End Handling network offline for 8D0E76C95CFBD7880A495C73@AdobeID (SyncController.cpp.networkOfflineHandler.875)
