2020-05-11T12:31:54.724109Z: t=0307: Info: [livetype] machine wake up from sleep
2020-05-11T12:31:54.726569Z: t=0307: Info: system: Begin incoming system notification 'NSWorkspaceDidWakeNotification' (MSystemObserver.mm.-[SystemEventHandler onEvent:].79)
2020-05-11T12:31:54.728688Z: t=0307: Info: system: End incoming system notification 'NSWorkspaceDidWakeNotification' (MSystemObserver.mm.-[SystemEventHandler onEvent:].79)
2020-05-11T12:32:02.369321Z: t=0307: Info: jura: Connectivity change was: offline, now: online (NetworkMonitor_mac.mm.onReachabilityChange.198)
2020-05-11T12:32:02.376063Z: t=6d1f: Info: syn: Begin Handling network online for 8D0E76C95CFBD7880A495C73@AdobeID (SyncController.cpp.networkOnlineHandler.880)
2020-05-11T12:32:02.376176Z: t=6d1f: Info: syn: Begin Starting for 8D0E76C95CFBD7880A495C73@AdobeID (SyncController.cpp.startHandler.789)
2020-05-11T12:32:02.380675Z: t=6d1f: Info: syn: Begin Starting jobs for 8D0E76C95CFBD7880A495C73@AdobeID (SyncController.cpp.startJobsHandlerIf.1804)
2020-05-11T12:32:02.392355Z: t=14203: Info: job: Begin Start 8D0E76C95CFBD7880A495C73@AdobeID.00000000-0000-0000-0000-000000000000.files (JobController.cpp.startHandler.2693)
2020-05-11T12:32:02.392414Z: t=b703: Info: job: Begin Start 8D0E76C95CFBD7880A495C73@AdobeID.00000000-0000-0000-0000-000000000000.cloudnative (JobController.cpp.startHandler.2693)
2020-05-11T12:32:02.408112Z: t=b703: Info: job: Start failed - job is not authorized invalidated 8D0E76C95CFBD7880A495C73@AdobeID.00000000-0000-0000-0000-000000000000.cloudnative (JobController.cpp.startHandler.2704)
2020-05-11T12:32:02.408296Z: t=14203: Info: job: Start failed - job is not authorized invalidated 8D0E76C95CFBD7880A495C73@AdobeID.00000000-0000-0000-0000-000000000000.files (JobController.cpp.startHandler.2704)
2020-05-11T12:32:02.426037Z: t=14203: Info: job: End Start 8D0E76C95CFBD7880A495C73@AdobeID.00000000-0000-0000-0000-000000000000.files (JobController.cpp.startHandler.2693)
2020-05-11T12:32:02.426037Z: t=b703: Info: job: End Start 8D0E76C95CFBD7880A495C73@AdobeID.00000000-0000-0000-0000-000000000000.cloudnative (JobController.cpp.startHandler.2693)
2020-05-11T12:32:02.428302Z: t=b703: Error: task: exception unauthorized musync:13 in doWork (Task.h.doWork.188)
2020-05-11T12:32:02.428302Z: t=14203: Error: task: exception unauthorized musync:13 in doWork (Task.h.doWork.188)
2020-05-11T12:32:02.428504Z: t=6d1f: Info: syn: End Starting jobs for 8D0E76C95CFBD7880A495C73@AdobeID (SyncController.cpp.startJobsHandlerIf.1804)
2020-05-11T12:32:02.428630Z: t=6d1f: Info: syn: Begin Starting change monitors for 8D0E76C95CFBD7880A495C73@AdobeID (SyncController.cpp.startChangeMonitorsHandlerIf.2121)
2020-05-11T12:32:02.428682Z: t=b307: Info: mon: Begin Start 8D0E76C95CFBD7880A495C73@AdobeID.00000000-0000-0000-0000-000000000000.cclibraries (ChangeMonitorController.cpp.startHandler.413)
2020-05-11T12:32:02.428784Z: t=b307: Info: mon: Start failed - changeMonitor is not authorized invalidated 8D0E76C95CFBD7880A495C73@AdobeID.00000000-0000-0000-0000-000000000000.cclibraries (ChangeMonitorController.cpp.startHandler.424)
2020-05-11T12:32:02.428913Z: t=b307: Info: mon: End Start 8D0E76C95CFBD7880A495C73@AdobeID.00000000-0000-0000-0000-000000000000.cclibraries (ChangeMonitorController.cpp.startHandler.413)
2020-05-11T12:32:02.428972Z: t=b307: Error: task: exception unauthorized musync:13 in doWork (Task.h.doWork.188)
2020-05-11T12:32:02.429031Z: t=6d1f: Info: syn: End Starting change monitors for 8D0E76C95CFBD7880A495C73@AdobeID (SyncController.cpp.startChangeMonitorsHandlerIf.2121)
2020-05-11T12:32:02.429089Z: t=6d1f: Info: syn: End Starting for 8D0E76C95CFBD7880A495C73@AdobeID (SyncController.cpp.startHandler.789)
2020-05-11T12:32:02.429174Z: t=6d1f: Info: syn: End Handling network online for 8D0E76C95CFBD7880A495C73@AdobeID (SyncController.cpp.networkOnlineHandler.880)
2020-05-11T12:32:02.429215Z: t=6d1f: Error: syn: exception unauthorized musync:13 network.online (SyncController.cpp.networkOnline.755)
2020-05-11T12:32:09.730365Z: t=6d1f: Info: syn: Begin Handling system wake for 8D0E76C95CFBD7880A495C73@AdobeID (SyncController.cpp.systemWakeHandler.866)
2020-05-11T12:32:09.730542Z: t=6d1f: Info: syn: Begin Starting for 8D0E76C95CFBD7880A495C73@AdobeID (SyncController.cpp.startHandler.789)
2020-05-11T12:32:09.730624Z: t=6d1f: Info: syn: Begin Starting jobs for 8D0E76C95CFBD7880A495C73@AdobeID (SyncController.cpp.startJobsHandlerIf.1804)
2020-05-11T12:32:09.730683Z: t=b703: Info: job: Begin Start 8D0E76C95CFBD7880A495C73@AdobeID.00000000-0000-0000-0000-000000000000.cloudnative (JobController.cpp.startHandler.2693)
2020-05-11T12:32:09.730709Z: t=14203: Info: job: Begin Start 8D0E76C95CFBD7880A495C73@AdobeID.00000000-0000-0000-0000-000000000000.files (JobController.cpp.startHandler.2693)
2020-05-11T12:32:09.730804Z: t=b703: Info: job: Start failed - job is not authorized invalidated 8D0E76C95CFBD7880A495C73@AdobeID.00000000-0000-0000-0000-000000000000.cloudnative (JobController.cpp.startHandler.2704)
2020-05-11T12:32:09.730843Z: t=14203: Info: job: Start failed - job is not authorized invalidated 8D0E76C95CFBD7880A495C73@AdobeID.00000000-0000-0000-0000-000000000000.files (JobController.cpp.startHandler.2704)
2020-05-11T12:32:09.730878Z: t=b703: Info: job: End Start 8D0E76C95CFBD7880A495C73@AdobeID.00000000-0000-0000-0000-000000000000.cloudnative (JobController.cpp.startHandler.2693)
2020-05-11T12:32:09.730936Z: t=14203: Info: job: End Start 8D0E76C95CFBD7880A495C73@AdobeID.00000000-0000-0000-0000-000000000000.files (JobController.cpp.startHandler.2693)
2020-05-11T12:32:09.730971Z: t=b703: Error: task: exception unauthorized musync:13 in doWork (Task.h.doWork.188)
2020-05-11T12:32:09.730989Z: t=14203: Error: task: exception unauthorized musync:13 in doWork (Task.h.doWork.188)
2020-05-11T12:32:09.731062Z: t=6d1f: Info: syn: End Starting jobs for 8D0E76C95CFBD7880A495C73@AdobeID (SyncController.cpp.startJobsHandlerIf.1804)
2020-05-11T12:32:09.731121Z: t=6d1f: Info: syn: Begin Starting change monitors for 8D0E76C95CFBD7880A495C73@AdobeID (SyncController.cpp.startChangeMonitorsHandlerIf.2121)
2020-05-11T12:32:09.731154Z: t=b307: Info: mon: Begin Start 8D0E76C95CFBD7880A495C73@AdobeID.00000000-0000-0000-0000-000000000000.cclibraries (ChangeMonitorController.cpp.startHandler.413)
2020-05-11T12:32:09.731208Z: t=b307: Info: mon: Start failed - changeMonitor is not authorized invalidated 8D0E76C95CFBD7880A495C73@AdobeID.00000000-0000-0000-0000-000000000000.cclibraries (ChangeMonitorController.cpp.startHandler.424)
2020-05-11T12:32:09.731252Z: t=b307: Info: mon: End Start 8D0E76C95CFBD7880A495C73@AdobeID.00000000-0000-0000-0000-000000000000.cclibraries (ChangeMonitorController.cpp.startHandler.413)
2020-05-11T12:32:09.731294Z: t=b307: Error: task: exception unauthorized musync:13 in doWork (Task.h.doWork.188)
2020-05-11T12:32:09.731350Z: t=6d1f: Info: syn: End Starting change monitors for 8D0E76C95CFBD7880A495C73@AdobeID (SyncController.cpp.startChangeMonitorsHandlerIf.2121)
2020-05-11T12:32:09.731396Z: t=6d1f: Info: syn: End Starting for 8D0E76C95CFBD7880A495C73@AdobeID (SyncController.cpp.startHandler.789)
2020-05-11T12:32:09.731420Z: t=6d1f: Info: syn: End Handling system wake for 8D0E76C95CFBD7880A495C73@AdobeID (SyncController.cpp.systemWakeHandler.866)
2020-05-11T12:32:09.731446Z: t=6d1f: Error: syn: exception unauthorized musync:13 system.wake (SyncController.cpp.systemWake.740)
2020-05-11T12:34:02.928511Z: t=441b: Info: acpl.DeviceStorage: dcx-cpp v4.8 Called removeUntrackableAssets. (DeviceStorage.cpp.removeUntrackableAssets.6082)
2020-05-11T12:34:02.985329Z: t=441b: Info: acpl.DeviceStorage: dcx-cpp v4.8 Called removeAssetsDeletedOnCloud. (DeviceStorage.cpp.removeAssetsDeletedOnCloud.5501)
2020-05-11T12:34:03.002479Z: t=441b: Info: acpl.DeviceStorage: dcx-cpp v4.8 Called removeOrphanedAssetsRecords. (DeviceStorage.cpp.removeOrphanedAssetsRecords.4765)
2020-05-11T12:34:03.003118Z: t=441b: Info: acpl.DeviceStorage: dcx-cpp v4.8 Called removeOrphanedBranchRecords. (DeviceStorage.cpp.removeOrphanedBranchRecords.4757)
2020-05-11T12:34:03.003498Z: t=441b: Info: acpl.DeviceStorage: dcx-cpp v4.8 Called removeOldApplicationBranches. (DeviceStorage.cpp.removeOldApplicationBranches.4831)
2020-05-11T12:34:03.010751Z: t=441b: Info: acpl.DeviceStorage: dcx-cpp v4.8 Called removeExpiredDetachedResources. (DeviceStorage.cpp.removeExpiredDetachedResources.5911)
2020-05-11T12:34:03.014037Z: t=441b: Info: acpl.DeviceStorage: dcx-cpp v4.8 Called removeOldAssetUpdateRecords. (DeviceStorage.cpp.removeOldAssetUpdateRecords.4824)
2020-05-11T12:34:03.022038Z: t=441b: Info: acpl.DeviceStorage: dcx-cpp v4.8 Called removeOrphanedResourceRecords. (DeviceStorage.cpp.removeOrphanedResourceRecords.4817)
2020-05-11T12:34:03.022372Z: t=441b: Info: acpl.DeviceStorage: dcx-cpp v4.8 Called getOrphanedResourceRevisions. (DeviceStorage.cpp.getOrphanedResourceRevisions.4880)
2020-05-11T12:34:03.023502Z: t=441b: Info: acpl.DeviceStorage: dcx-cpp v4.8 Called compactDatabase. (DeviceStorage.cpp.compactDatabase.1332)
2020-05-11T12:50:56.055285Z: t=0307: Info: system: Begin incoming system notification 'NSWorkspaceWillSleepNotification' (MSystemObserver.mm.-[SystemEventHandler onEvent:].79)
2020-05-11T12:50:56.056367Z: t=0307: Info: system: End incoming system notification 'NSWorkspaceWillSleepNotification' (MSystemObserver.mm.-[SystemEventHandler onEvent:].79)
2020-05-11T12:50:56.078303Z: t=6d1f: Info: syn: Begin Handling system sleep for 8D0E76C95CFBD7880A495C73@AdobeID (SyncController.cpp.systemSleepHandler.861)
2020-05-11T12:50:56.078479Z: t=6d1f: Info: syn: Begin Stopping due to system_sleep for 8D0E76C95CFBD7880A495C73@AdobeID (SyncController.cpp.stopHandler.813)
2020-05-11T12:50:56.078740Z: t=6d1f: Info: syn: Begin Stopping jobs for 8D0E76C95CFBD7880A495C73@AdobeID (SyncController.cpp.stopJobsHandlerIf.1785)
2020-05-11T12:50:56.093688Z: t=b703: Info: job: Begin Stop in state system_sleep from current state stopped+auth 8D0E76C95CFBD7880A495C73@AdobeID.00000000-0000-0000-0000-000000000000.cloudnative (JobController.cpp.stopHandler.2799)
2020-05-11T12:50:56.093822Z: t=b703: Info: job: Job is already stopped 8D0E76C95CFBD7880A495C73@AdobeID.00000000-0000-0000-0000-000000000000.cloudnative (JobController.cpp.stopHandler.2841)
2020-05-11T12:50:56.093867Z: t=b703: Info: job: End Stop in state system_sleep from current state stopped+auth 8D0E76C95CFBD7880A495C73@AdobeID.00000000-0000-0000-0000-000000000000.cloudnative (JobController.cpp.stopHandler.2799)
2020-05-11T12:50:56.098453Z: t=14203: Info: job: Begin Stop in state system_sleep from current state stopped+auth 8D0E76C95CFBD7880A495C73@AdobeID.00000000-0000-0000-0000-000000000000.files (JobController.cpp.stopHandler.2799)
2020-05-11T12:50:56.098651Z: t=14203: Info: job: Job is already stopped 8D0E76C95CFBD7880A495C73@AdobeID.00000000-0000-0000-0000-000000000000.files (JobController.cpp.stopHandler.2841)
2020-05-11T12:50:56.098712Z: t=14203: Info: job: End Stop in state system_sleep from current state stopped+auth 8D0E76C95CFBD7880A495C73@AdobeID.00000000-0000-0000-0000-000000000000.files (JobController.cpp.stopHandler.2799)
2020-05-11T12:50:56.099966Z: t=6d1f: Info: syn: End Stopping jobs for 8D0E76C95CFBD7880A495C73@AdobeID (SyncController.cpp.stopJobsHandlerIf.1785)
2020-05-11T12:50:56.113501Z: t=6d1f: Info: syn: Begin Stopping change monitors for 8D0E76C95CFBD7880A495C73@AdobeID (SyncController.cpp.stopChangeMonitorsHandlerIf.2105)
2020-05-11T12:50:56.116189Z: t=b307: Info: mon: Begin Stop in state system_sleep from current state stopped+auth 8D0E76C95CFBD7880A495C73@AdobeID.00000000-0000-0000-0000-000000000000.cclibraries (ChangeMonitorController.cpp.stopHandler.447)
2020-05-11T12:50:56.116287Z: t=b307: Info: mon: Stop skipped - changeMonitor is already stopped 8D0E76C95CFBD7880A495C73@AdobeID.00000000-0000-0000-0000-000000000000.cclibraries (ChangeMonitorController.cpp.stopHandler.454)
2020-05-11T12:50:56.116333Z: t=b307: Info: mon: End Stop in state system_sleep from current state stopped+auth 8D0E76C95CFBD7880A495C73@AdobeID.00000000-0000-0000-0000-000000000000.cclibraries (ChangeMonitorController.cpp.stopHandler.447)
2020-05-11T12:50:56.117317Z: t=6d1f: Info: syn: End Stopping change monitors for 8D0E76C95CFBD7880A495C73@AdobeID (SyncController.cpp.stopChangeMonitorsHandlerIf.2105)
2020-05-11T12:50:56.117420Z: t=6d1f: Info: syn: End Stopping due to system_sleep for 8D0E76C95CFBD7880A495C73@AdobeID (SyncController.cpp.stopHandler.813)
2020-05-11T12:50:56.117505Z: t=6d1f: Info: syn: End Handling system sleep for 8D0E76C95CFBD7880A495C73@AdobeID (SyncController.cpp.systemSleepHandler.861)
2020-05-11T13:03:58.725518Z: t=0307: Info: [livetype] machine wake up from sleep
2020-05-11T13:03:58.727491Z: t=0307: Info: system: Begin incoming system notification 'NSWorkspaceDidWakeNotification' (MSystemObserver.mm.-[SystemEventHandler onEvent:].79)
2020-05-11T13:03:58.728198Z: t=0307: Info: system: End incoming system notification 'NSWorkspaceDidWakeNotification' (MSystemObserver.mm.-[SystemEventHandler onEvent:].79)
2020-05-11T13:03:59.067860Z: t=0307: Info: jura: Connectivity change was: online, now: offline (NetworkMonitor_mac.mm.onReachabilityChange.198)
2020-05-11T13:03:59.069925Z: t=6d1f: Info: syn: Begin Handling network offline for 8D0E76C95CFBD7880A495C73@AdobeID (SyncController.cpp.networkOfflineHandler.875)
2020-05-11T13:03:59.070090Z: t=6d1f: Info: syn: Begin Stopping due to connectivity for 8D0E76C95CFBD7880A495C73@AdobeID (SyncController.cpp.stopHandler.813)
2020-05-11T13:03:59.070195Z: t=6d1f: Info: syn: Begin Stopping jobs for 8D0E76C95CFBD7880A495C73@AdobeID (SyncController.cpp.stopJobsHandlerIf.1785)
2020-05-11T13:03:59.071649Z: t=14203: Info: job: Begin Stop in state connectivity from current state stopped+auth 8D0E76C95CFBD7880A495C73@AdobeID.00000000-0000-0000-0000-000000000000.files (JobController.cpp.stopHandler.2799)
2020-05-11T13:03:59.071801Z: t=14203: Info: job: Job is already stopped 8D0E76C95CFBD7880A495C73@AdobeID.00000000-0000-0000-0000-000000000000.files (JobController.cpp.stopHandler.2841)
2020-05-11T13:03:59.071971Z: t=14203: Info: job: End Stop in state connectivity from current state stopped+auth 8D0E76C95CFBD7880A495C73@AdobeID.00000000-0000-0000-0000-000000000000.files (JobController.cpp.stopHandler.2799)
2020-05-11T13:03:59.071585Z: t=b703: Info: job: Begin Stop in state connectivity from current state stopped+auth 8D0E76C95CFBD7880A495C73@AdobeID.00000000-0000-0000-0000-000000000000.cloudnative (JobController.cpp.stopHandler.2799)
2020-05-11T13:03:59.073833Z: t=b703: Info: job: Job is already stopped 8D0E76C95CFBD7880A495C73@AdobeID.00000000-0000-0000-0000-000000000000.cloudnative (JobController.cpp.stopHandler.2841)
2020-05-11T13:03:59.073898Z: t=b703: Info: job: End Stop in state connectivity from current state stopped+auth 8D0E76C95CFBD7880A495C73@AdobeID.00000000-0000-0000-0000-000000000000.cloudnative (JobController.cpp.stopHandler.2799)
2020-05-11T13:03:59.079785Z: t=6d1f: Info: syn: End Stopping jobs for 8D0E76C95CFBD7880A495C73@AdobeID (SyncController.cpp.stopJobsHandlerIf.1785)
2020-05-11T13:03:59.079997Z: t=6d1f: Info: syn: Begin Stopping change monitors for 8D0E76C95CFBD7880A495C73@AdobeID (SyncController.cpp.stopChangeMonitorsHandlerIf.2105)
2020-05-11T13:03:59.097639Z: t=b307: Info: mon: Begin Stop in state connectivity from current state stopped+auth 8D0E76C95CFBD7880A495C73@AdobeID.00000000-0000-0000-0000-000000000000.cclibraries (ChangeMonitorController.cpp.stopHandler.447)
2020-05-11T13:03:59.105636Z: t=b307: Info: mon: Stop skipped - changeMonitor is already stopped 8D0E76C95CFBD7880A495C73@AdobeID.00000000-0000-0000-0000-000000000000.cclibraries (ChangeMonitorController.cpp.stopHandler.454)
2020-05-11T13:03:59.105741Z: t=b307: Info: mon: End Stop in state connectivity from current state stopped+auth 8D0E76C95CFBD7880A495C73@AdobeID.00000000-0000-0000-0000-000000000000.cclibraries (ChangeMonitorController.cpp.stopHandler.447)
2020-05-11T13:03:59.109966Z: t=6d1f: Info: syn: End Stopping change monitors for 8D0E76C95CFBD7880A495C73@AdobeID (SyncController.cpp.stopChangeMonitorsHandlerIf.2105)
2020-05-11T13:03:59.110053Z: t=6d1f: Info: syn: End Stopping due to connectivity for 8D0E76C95CFBD7880A495C73@AdobeID (SyncController.cpp.stopHandler.813)
2020-05-11T13:03:59.110122Z: t=6d1f: Info: syn: End Handling network offline for 8D0E76C95CFBD7880A495C73@AdobeID (SyncController.cpp.networkOfflineHandler.875)
2020-05-11T13:04:04.142844Z: t=0307: Info: jura: Connectivity change was: offline, now: online (NetworkMonitor_mac.mm.onReachabilityChange.198)
2020-05-11T13:04:04.145528Z: t=6d1f: Info: syn: Begin Handling network online for 8D0E76C95CFBD7880A495C73@AdobeID (SyncController.cpp.networkOnlineHandler.880)
2020-05-11T13:04:04.145616Z: t=6d1f: Info: syn: Begin Starting for 8D0E76C95CFBD7880A495C73@AdobeID (SyncController.cpp.startHandler.789)
2020-05-11T13:04:04.147040Z: t=6d1f: Info: syn: Begin Starting jobs for 8D0E76C95CFBD7880A495C73@AdobeID (SyncController.cpp.startJobsHandlerIf.1804)
2020-05-11T13:04:04.151618Z: t=b703: Info: job: Begin Start 8D0E76C95CFBD7880A495C73@AdobeID.00000000-0000-0000-0000-000000000000.cloudnative (JobController.cpp.startHandler.2693)
2020-05-11T13:04:04.151618Z: t=14203: Info: job: Begin Start 8D0E76C95CFBD7880A495C73@AdobeID.00000000-0000-0000-0000-000000000000.files (JobController.cpp.startHandler.2693)
2020-05-11T13:04:04.156690Z: t=14203: Info: job: Start failed - job is not authorized invalidated 8D0E76C95CFBD7880A495C73@AdobeID.00000000-0000-0000-0000-000000000000.files (JobController.cpp.startHandler.2704)
2020-05-11T13:04:04.156739Z: t=b703: Info: job: Start failed - job is not authorized invalidated 8D0E76C95CFBD7880A495C73@AdobeID.00000000-0000-0000-0000-000000000000.cloudnative (JobController.cpp.startHandler.2704)
2020-05-11T13:04:04.164383Z: t=14203: Info: job: End Start 8D0E76C95CFBD7880A495C73@AdobeID.00000000-0000-0000-0000-000000000000.files (JobController.cpp.startHandler.2693)
2020-05-11T13:04:04.164512Z: t=b703: Info: job: End Start 8D0E76C95CFBD7880A495C73@AdobeID.00000000-0000-0000-0000-000000000000.cloudnative (JobController.cpp.startHandler.2693)
2020-05-11T13:04:04.167133Z: t=b703: Error: task: exception unauthorized musync:13 in doWork (Task.h.doWork.188)
2020-05-11T13:04:04.167133Z: t=14203: Error: task: exception unauthorized musync:13 in doWork (Task.h.doWork.188)
2020-05-11T13:04:04.167294Z: t=6d1f: Info: syn: End Starting jobs for 8D0E76C95CFBD7880A495C73@AdobeID (SyncController.cpp.startJobsHandlerIf.1804)
2020-05-11T13:04:04.167374Z: t=6d1f: Info: syn: Begin Starting change monitors for 8D0E76C95CFBD7880A495C73@AdobeID (SyncController.cpp.startChangeMonitorsHandlerIf.2121)
2020-05-11T13:04:04.167401Z: t=b307: Info: mon: Begin Start 8D0E76C95CFBD7880A495C73@AdobeID.00000000-0000-0000-0000-000000000000.cclibraries (ChangeMonitorController.cpp.startHandler.413)
2020-05-11T13:04:04.167479Z: t=b307: Info: mon: Start failed - changeMonitor is not authorized invalidated 8D0E76C95CFBD7880A495C73@AdobeID.00000000-0000-0000-0000-000000000000.cclibraries (ChangeMonitorController.cpp.startHandler.424)
2020-05-11T13:04:04.167539Z: t=b307: Info: mon: End Start 8D0E76C95CFBD7880A495C73@AdobeID.00000000-0000-0000-0000-000000000000.cclibraries (ChangeMonitorController.cpp.startHandler.413)
2020-05-11T13:04:04.167590Z: t=b307: Error: task: exception unauthorized musync:13 in doWork (Task.h.doWork.188)
2020-05-11T13:04:04.167644Z: t=6d1f: Info: syn: End Starting change monitors for 8D0E76C95CFBD7880A495C73@AdobeID (SyncController.cpp.startChangeMonitorsHandlerIf.2121)
2020-05-11T13:04:04.167713Z: t=6d1f: Info: syn: End Starting for 8D0E76C95CFBD7880A495C73@AdobeID (SyncController.cpp.startHandler.789)
2020-05-11T13:04:04.167757Z: t=6d1f: Info: syn: End Handling network online for 8D0E76C95CFBD7880A495C73@AdobeID (SyncController.cpp.networkOnlineHandler.880)
2020-05-11T13:04:04.167803Z: t=6d1f: Error: syn: exception unauthorized musync:13 network.online (SyncController.cpp.networkOnline.755)
2020-05-11T13:04:13.729617Z: t=6d1f: Info: syn: Begin Handling system wake for 8D0E76C95CFBD7880A495C73@AdobeID (SyncController.cpp.systemWakeHandler.866)
2020-05-11T13:04:13.732427Z: t=6d1f: Info: syn: Begin Starting for 8D0E76C95CFBD7880A495C73@AdobeID (SyncController.cpp.startHandler.789)
2020-05-11T13:04:13.732624Z: t=6d1f: Info: syn: Begin Starting jobs for 8D0E76C95CFBD7880A495C73@AdobeID (SyncController.cpp.startJobsHandlerIf.1804)
2020-05-11T13:04:13.732679Z: t=14203: Info: job: Begin Start 8D0E76C95CFBD7880A495C73@AdobeID.00000000-0000-0000-0000-000000000000.files (JobController.cpp.startHandler.2693)
2020-05-11T13:04:13.732679Z: t=b703: Info: job: Begin Start 8D0E76C95CFBD7880A495C73@AdobeID.00000000-0000-0000-0000-000000000000.cloudnative (JobController.cpp.startHandler.2693)
2020-05-11T13:04:13.732766Z: t=14203: Info: job: Start failed - job is not authorized invalidated 8D0E76C95CFBD7880A495C73@AdobeID.00000000-0000-0000-0000-000000000000.files (JobController.cpp.startHandler.2704)
2020-05-11T13:04:13.732839Z: t=b703: Info: job: Start failed - job is not authorized invalidated 8D0E76C95CFBD7880A495C73@AdobeID.00000000-0000-0000-0000-000000000000.cloudnative (JobController.cpp.startHandler.2704)
2020-05-11T13:04:13.732878Z: t=14203: Info: job: End Start 8D0E76C95CFBD7880A495C73@AdobeID.00000000-0000-0000-0000-000000000000.files (JobController.cpp.startHandler.2693)
2020-05-11T13:04:13.732925Z: t=b703: Info: job: End Start 8D0E76C95CFBD7880A495C73@AdobeID.00000000-0000-0000-0000-000000000000.cloudnative (JobController.cpp.startHandler.2693)
2020-05-11T13:04:13.732935Z: t=14203: Error: task: exception unauthorized musync:13 in doWork (Task.h.doWork.188)
2020-05-11T13:04:13.733002Z: t=b703: Error: task: exception unauthorized musync:13 in doWork (Task.h.doWork.188)
2020-05-11T13:04:13.733056Z: t=6d1f: Info: syn: End Starting jobs for 8D0E76C95CFBD7880A495C73@AdobeID (SyncController.cpp.startJobsHandlerIf.1804)
2020-05-11T13:04:13.733119Z: t=6d1f: Info: syn: Begin Starting change monitors for 8D0E76C95CFBD7880A495C73@AdobeID (SyncController.cpp.startChangeMonitorsHandlerIf.2121)
2020-05-11T13:04:13.733141Z: t=b307: Info: mon: Begin Start 8D0E76C95CFBD7880A495C73@AdobeID.00000000-0000-0000-0000-000000000000.cclibraries (ChangeMonitorController.cpp.startHandler.413)
2020-05-11T13:04:13.733224Z: t=b307: Info: mon: Start failed - changeMonitor is not authorized invalidated 8D0E76C95CFBD7880A495C73@AdobeID.00000000-0000-0000-0000-000000000000.cclibraries (ChangeMonitorController.cpp.startHandler.424)
2020-05-11T13:04:13.733272Z: t=b307: Info: mon: End Start 8D0E76C95CFBD7880A495C73@AdobeID.00000000-0000-0000-0000-000000000000.cclibraries (ChangeMonitorController.cpp.startHandler.413)
2020-05-11T13:04:13.733315Z: t=b307: Error: task: exception unauthorized musync:13 in doWork (Task.h.doWork.188)
2020-05-11T13:04:13.733365Z: t=6d1f: Info: syn: End Starting change monitors for 8D0E76C95CFBD7880A495C73@AdobeID (SyncController.cpp.startChangeMonitorsHandlerIf.2121)
2020-05-11T13:04:13.733435Z: t=6d1f: Info: syn: End Starting for 8D0E76C95CFBD7880A495C73@AdobeID (SyncController.cpp.startHandler.789)
2020-05-11T13:04:13.733482Z: t=6d1f: Info: syn: End Handling system wake for 8D0E76C95CFBD7880A495C73@AdobeID (SyncController.cpp.systemWakeHandler.866)
2020-05-11T13:04:13.733524Z: t=6d1f: Error: syn: exception unauthorized musync:13 system.wake (SyncController.cpp.systemWake.740)
2020-05-11T13:09:04.096758Z: t=0307: Info: system: Begin incoming system notification 'NSWorkspaceWillSleepNotification' (MSystemObserver.mm.-[SystemEventHandler onEvent:].79)
2020-05-11T13:09:04.097527Z: t=0307: Info: system: End incoming system notification 'NSWorkspaceWillSleepNotification' (MSystemObserver.mm.-[SystemEventHandler onEvent:].79)
2020-05-11T13:09:04.115480Z: t=6d1f: Info: syn: Begin Handling system sleep for 8D0E76C95CFBD7880A495C73@AdobeID (SyncController.cpp.systemSleepHandler.861)
2020-05-11T13:09:04.115592Z: t=6d1f: Info: syn: Begin Stopping due to system_sleep for 8D0E76C95CFBD7880A495C73@AdobeID (SyncController.cpp.stopHandler.813)
2020-05-11T13:09:04.115941Z: t=6d1f: Info: syn: Begin Stopping jobs for 8D0E76C95CFBD7880A495C73@AdobeID (SyncController.cpp.stopJobsHandlerIf.1785)
2020-05-11T13:09:04.125694Z: t=14203: Info: job: Begin Stop in state system_sleep from current state stopped+auth 8D0E76C95CFBD7880A495C73@AdobeID.00000000-0000-0000-0000-000000000000.files (JobController.cpp.stopHandler.2799)
2020-05-11T13:09:04.125872Z: t=14203: Info: job: Job is already stopped 8D0E76C95CFBD7880A495C73@AdobeID.00000000-0000-0000-0000-000000000000.files (JobController.cpp.stopHandler.2841)
2020-05-11T13:09:04.125917Z: t=14203: Info: job: End Stop in state system_sleep from current state stopped+auth 8D0E76C95CFBD7880A495C73@AdobeID.00000000-0000-0000-0000-000000000000.files (JobController.cpp.stopHandler.2799)
2020-05-11T13:09:04.126054Z: t=b703: Info: job: Begin Stop in state system_sleep from current state stopped+auth 8D0E76C95CFBD7880A495C73@AdobeID.00000000-0000-0000-0000-000000000000.cloudnative (JobController.cpp.stopHandler.2799)
2020-05-11T13:09:04.126118Z: t=b703: Info: job: Job is already stopped 8D0E76C95CFBD7880A495C73@AdobeID.00000000-0000-0000-0000-000000000000.cloudnative (JobController.cpp.stopHandler.2841)
2020-05-11T13:09:04.126151Z: t=b703: Info: job: End Stop in state system_sleep from current state stopped+auth 8D0E76C95CFBD7880A495C73@AdobeID.00000000-0000-0000-0000-000000000000.cloudnative (JobController.cpp.stopHandler.2799)
2020-05-11T13:09:04.126866Z: t=6d1f: Info: syn: End Stopping jobs for 8D0E76C95CFBD7880A495C73@AdobeID (SyncController.cpp.stopJobsHandlerIf.1785)
2020-05-11T13:09:04.129463Z: t=6d1f: Info: syn: Begin Stopping change monitors for 8D0E76C95CFBD7880A495C73@AdobeID (SyncController.cpp.stopChangeMonitorsHandlerIf.2105)
2020-05-11T13:09:04.130226Z: t=b307: Info: mon: Begin Stop in state system_sleep from current state stopped+auth 8D0E76C95CFBD7880A495C73@AdobeID.00000000-0000-0000-0000-000000000000.cclibraries (ChangeMonitorController.cpp.stopHandler.447)
2020-05-11T13:09:04.130753Z: t=b307: Info: mon: Stop skipped - changeMonitor is already stopped 8D0E76C95CFBD7880A495C73@AdobeID.00000000-0000-0000-0000-000000000000.cclibraries (ChangeMonitorController.cpp.stopHandler.454)
2020-05-11T13:09:04.130805Z: t=b307: Info: mon: End Stop in state system_sleep from current state stopped+auth 8D0E76C95CFBD7880A495C73@AdobeID.00000000-0000-0000-0000-000000000000.cclibraries (ChangeMonitorController.cpp.stopHandler.447)
2020-05-11T13:09:04.131909Z: t=6d1f: Info: syn: End Stopping change monitors for 8D0E76C95CFBD7880A495C73@AdobeID (SyncController.cpp.stopChangeMonitorsHandlerIf.2105)
2020-05-11T13:09:04.132033Z: t=6d1f: Info: syn: End Stopping due to system_sleep for 8D0E76C95CFBD7880A495C73@AdobeID (SyncController.cpp.stopHandler.813)
2020-05-11T13:09:04.132079Z: t=6d1f: Info: syn: End Handling system sleep for 8D0E76C95CFBD7880A495C73@AdobeID (SyncController.cpp.systemSleepHandler.861)
2020-05-11T13:12:44.672686Z: t=0307: Info: [livetype] machine wake up from sleep
2020-05-11T13:12:44.673078Z: t=0307: Info: system: Begin incoming system notification 'NSWorkspaceDidWakeNotification' (MSystemObserver.mm.-[SystemEventHandler onEvent:].79)
2020-05-11T13:12:44.673266Z: t=0307: Info: system: End incoming system notification 'NSWorkspaceDidWakeNotification' (MSystemObserver.mm.-[SystemEventHandler onEvent:].79)
2020-05-11T13:12:44.913321Z: t=0307: Info: jura: Connectivity change was: online, now: offline (NetworkMonitor_mac.mm.onReachabilityChange.198)
2020-05-11T13:12:44.921130Z: t=6d1f: Info: syn: Begin Handling network offline for 8D0E76C95CFBD7880A495C73@AdobeID (SyncController.cpp.networkOfflineHandler.875)
2020-05-11T13:12:44.921225Z: t=6d1f: Info: syn: Begin Stopping due to connectivity for 8D0E76C95CFBD7880A495C73@AdobeID (SyncController.cpp.stopHandler.813)
2020-05-11T13:12:44.921322Z: t=6d1f: Info: syn: Begin Stopping jobs for 8D0E76C95CFBD7880A495C73@AdobeID (SyncController.cpp.stopJobsHandlerIf.1785)
2020-05-11T13:12:44.924492Z: t=b703: Info: job: Begin Stop in state connectivity from current state stopped+auth 8D0E76C95CFBD7880A495C73@AdobeID.00000000-0000-0000-0000-000000000000.cloudnative (JobController.cpp.stopHandler.2799)
2020-05-11T13:12:44.924616Z: t=b703: Info: job: Job is already stopped 8D0E76C95CFBD7880A495C73@AdobeID.00000000-0000-0000-0000-000000000000.cloudnative (JobController.cpp.stopHandler.2841)
2020-05-11T13:12:44.924689Z: t=b703: Info: job: End Stop in state connectivity from current state stopped+auth 8D0E76C95CFBD7880A495C73@AdobeID.00000000-0000-0000-0000-000000000000.cloudnative (JobController.cpp.stopHandler.2799)
2020-05-11T13:12:44.924764Z: t=14203: Info: job: Begin Stop in state connectivity from current state stopped+auth 8D0E76C95CFBD7880A495C73@AdobeID.00000000-0000-0000-0000-000000000000.files (JobController.cpp.stopHandler.2799)
2020-05-11T13:12:44.924810Z: t=14203: Info: job: Job is already stopped 8D0E76C95CFBD7880A495C73@AdobeID.00000000-0000-0000-0000-000000000000.files (JobController.cpp.stopHandler.2841)
2020-05-11T13:12:44.924840Z: t=14203: Info: job: End Stop in state connectivity from current state stopped+auth 8D0E76C95CFBD7880A495C73@AdobeID.00000000-0000-0000-0000-000000000000.files (JobController.cpp.stopHandler.2799)
2020-05-11T13:12:44.928582Z: t=6d1f: Info: syn: End Stopping jobs for 8D0E76C95CFBD7880A495C73@AdobeID (SyncController.cpp.stopJobsHandlerIf.1785)
2020-05-11T13:12:44.928878Z: t=6d1f: Info: syn: Begin Stopping change monitors for 8D0E76C95CFBD7880A495C73@AdobeID (SyncController.cpp.stopChangeMonitorsHandlerIf.2105)
2020-05-11T13:12:44.929478Z: t=b307: Info: mon: Begin Stop in state connectivity from current state stopped+auth 8D0E76C95CFBD7880A495C73@AdobeID.00000000-0000-0000-0000-000000000000.cclibraries (ChangeMonitorController.cpp.stopHandler.447)
2020-05-11T13:12:44.929597Z: t=b307: Info: mon: Stop skipped - changeMonitor is already stopped 8D0E76C95CFBD7880A495C73@AdobeID.00000000-0000-0000-0000-000000000000.cclibraries (ChangeMonitorController.cpp.stopHandler.454)
2020-05-11T13:12:44.929808Z: t=b307: Info: mon: End Stop in state connectivity from current state stopped+auth 8D0E76C95CFBD7880A495C73@AdobeID.00000000-0000-0000-0000-000000000000.cclibraries (ChangeMonitorController.cpp.stopHandler.447)
2020-05-11T13:12:44.931885Z: t=6d1f: Info: syn: End Stopping change monitors for 8D0E76C95CFBD7880A495C73@AdobeID (SyncController.cpp.stopChangeMonitorsHandlerIf.2105)
2020-05-11T13:12:44.931966Z: t=6d1f: Info: syn: End Stopping due to connectivity for 8D0E76C95CFBD7880A495C73@AdobeID (SyncController.cpp.stopHandler.813)
2020-05-11T13:12:44.932001Z: t=6d1f: Info: syn: End Handling network offline for 8D0E76C95CFBD7880A495C73@AdobeID (SyncController.cpp.networkOfflineHandler.875)
2020-05-11T13:12:49.669541Z: t=0307: Info: jura: Connectivity change was: offline, now: online (NetworkMonitor_mac.mm.onReachabilityChange.198)
2020-05-11T13:12:49.673441Z: t=6d1f: Info: syn: Begin Handling network online for 8D0E76C95CFBD7880A495C73@AdobeID (SyncController.cpp.networkOnlineHandler.880)
2020-05-11T13:12:49.673519Z: t=6d1f: Info: syn: Begin Starting for 8D0E76C95CFBD7880A495C73@AdobeID (SyncController.cpp.startHandler.789)
2020-05-11T13:12:49.673767Z: t=6d1f: Info: syn: Begin Starting jobs for 8D0E76C95CFBD7880A495C73@AdobeID (SyncController.cpp.startJobsHandlerIf.1804)
2020-05-11T13:12:49.674745Z: t=b703: Info: job: Begin Start 8D0E76C95CFBD7880A495C73@AdobeID.00000000-0000-0000-0000-000000000000.cloudnative (JobController.cpp.startHandler.2693)
2020-05-11T13:12:49.674800Z: t=14203: Info: job: Begin Start 8D0E76C95CFBD7880A495C73@AdobeID.00000000-0000-0000-0000-000000000000.files (JobController.cpp.startHandler.2693)
2020-05-11T13:12:49.674848Z: t=b703: Info: job: Start failed - job is not authorized invalidated 8D0E76C95CFBD7880A495C73@AdobeID.00000000-0000-0000-0000-000000000000.cloudnative (JobController.cpp.startHandler.2704)
2020-05-11T13:12:49.675017Z: t=b703: Info: job: End Start 8D0E76C95CFBD7880A495C73@AdobeID.00000000-0000-0000-0000-000000000000.cloudnative (JobController.cpp.startHandler.2693)
2020-05-11T13:12:49.675083Z: t=b703: Error: task: exception unauthorized musync:13 in doWork (Task.h.doWork.188)
2020-05-11T13:12:49.674852Z: t=14203: Info: job: Start failed - job is not authorized invalidated 8D0E76C95CFBD7880A495C73@AdobeID.00000000-0000-0000-0000-000000000000.files (JobController.cpp.startHandler.2704)
2020-05-11T13:12:49.675649Z: t=14203: Info: job: End Start 8D0E76C95CFBD7880A495C73@AdobeID.00000000-0000-0000-0000-000000000000.files (JobController.cpp.startHandler.2693)
2020-05-11T13:12:49.675744Z: t=14203: Error: task: exception unauthorized musync:13 in doWork (Task.h.doWork.188)
2020-05-11T13:12:49.676027Z: t=6d1f: Info: syn: End Starting jobs for 8D0E76C95CFBD7880A495C73@AdobeID (SyncController.cpp.startJobsHandlerIf.1804)
2020-05-11T13:12:49.676104Z: t=6d1f: Info: syn: Begin Starting change monitors for 8D0E76C95CFBD7880A495C73@AdobeID (SyncController.cpp.startChangeMonitorsHandlerIf.2121)
2020-05-11T13:12:49.677923Z: t=b307: Info: mon: Begin Start 8D0E76C95CFBD7880A495C73@AdobeID.00000000-0000-0000-0000-000000000000.cclibraries (ChangeMonitorController.cpp.startHandler.413)
2020-05-11T13:12:49.677985Z: t=b307: Info: mon: Start failed - changeMonitor is not authorized invalidated 8D0E76C95CFBD7880A495C73@AdobeID.00000000-0000-0000-0000-000000000000.cclibraries (ChangeMonitorController.cpp.startHandler.424)
2020-05-11T13:12:49.678022Z: t=b307: Info: mon: End Start 8D0E76C95CFBD7880A495C73@AdobeID.00000000-0000-0000-0000-000000000000.cclibraries (ChangeMonitorController.cpp.startHandler.413)
2020-05-11T13:12:49.678052Z: t=b307: Error: task: exception unauthorized musync:13 in doWork (Task.h.doWork.188)
2020-05-11T13:12:49.682824Z: t=6d1f: Info: syn: End Starting change monitors for 8D0E76C95CFBD7880A495C73@AdobeID (SyncController.cpp.startChangeMonitorsHandlerIf.2121)
2020-05-11T13:12:49.683004Z: t=6d1f: Info: syn: End Starting for 8D0E76C95CFBD7880A495C73@AdobeID (SyncController.cpp.startHandler.789)
2020-05-11T13:12:49.683062Z: t=6d1f: Info: syn: End Handling network online for 8D0E76C95CFBD7880A495C73@AdobeID (SyncController.cpp.networkOnlineHandler.880)
2020-05-11T13:12:49.683235Z: t=6d1f: Error: syn: exception unauthorized musync:13 network.online (SyncController.cpp.networkOnline.755)
2020-05-11T13:12:59.896533Z: t=6d1f: Info: syn: Begin Handling system wake for 8D0E76C95CFBD7880A495C73@AdobeID (SyncController.cpp.systemWakeHandler.866)
2020-05-11T13:12:59.896963Z: t=6d1f: Info: syn: Begin Starting for 8D0E76C95CFBD7880A495C73@AdobeID (SyncController.cpp.startHandler.789)
2020-05-11T13:12:59.897150Z: t=6d1f: Info: syn: Begin Starting jobs for 8D0E76C95CFBD7880A495C73@AdobeID (SyncController.cpp.startJobsHandlerIf.1804)
2020-05-11T13:12:59.897200Z: t=b703: Info: job: Begin Start 8D0E76C95CFBD7880A495C73@AdobeID.00000000-0000-0000-0000-000000000000.cloudnative (JobController.cpp.startHandler.2693)
2020-05-11T13:12:59.897202Z: t=14203: Info: job: Begin Start 8D0E76C95CFBD7880A495C73@AdobeID.00000000-0000-0000-0000-000000000000.files (JobController.cpp.startHandler.2693)
2020-05-11T13:12:59.897423Z: t=b703: Info: job: Start failed - job is not authorized invalidated 8D0E76C95CFBD7880A495C73@AdobeID.00000000-0000-0000-0000-000000000000.cloudnative (JobController.cpp.startHandler.2704)
2020-05-11T13:12:59.897444Z: t=14203: Info: job: Start failed - job is not authorized invalidated 8D0E76C95CFBD7880A495C73@AdobeID.00000000-0000-0000-0000-000000000000.files (JobController.cpp.startHandler.2704)
2020-05-11T13:12:59.897541Z: t=b703: Info: job: End Start 8D0E76C95CFBD7880A495C73@AdobeID.00000000-0000-0000-0000-000000000000.cloudnative (JobController.cpp.startHandler.2693)
2020-05-11T13:12:59.897590Z: t=14203: Info: job: End Start 8D0E76C95CFBD7880A495C73@AdobeID.00000000-0000-0000-0000-000000000000.files (JobController.cpp.startHandler.2693)
2020-05-11T13:12:59.897661Z: t=b703: Error: task: exception unauthorized musync:13 in doWork (Task.h.doWork.188)
2020-05-11T13:12:59.897727Z: t=14203: Error: task: exception unauthorized musync:13 in doWork (Task.h.doWork.188)
2020-05-11T13:12:59.897846Z: t=6d1f: Info: syn: End Starting jobs for 8D0E76C95CFBD7880A495C73@AdobeID (SyncController.cpp.startJobsHandlerIf.1804)
2020-05-11T13:12:59.897932Z: t=6d1f: Info: syn: Begin Starting change monitors for 8D0E76C95CFBD7880A495C73@AdobeID (SyncController.cpp.startChangeMonitorsHandlerIf.2121)
2020-05-11T13:12:59.898000Z: t=b307: Info: mon: Begin Start 8D0E76C95CFBD7880A495C73@AdobeID.00000000-0000-0000-0000-000000000000.cclibraries (ChangeMonitorController.cpp.startHandler.413)
2020-05-11T13:12:59.898133Z: t=b307: Info: mon: Start failed - changeMonitor is not authorized invalidated 8D0E76C95CFBD7880A495C73@AdobeID.00000000-0000-0000-0000-000000000000.cclibraries (ChangeMonitorController.cpp.startHandler.424)
2020-05-11T13:12:59.898191Z: t=b307: Info: mon: End Start 8D0E76C95CFBD7880A495C73@AdobeID.00000000-0000-0000-0000-000000000000.cclibraries (ChangeMonitorController.cpp.startHandler.413)
2020-05-11T13:12:59.898237Z: t=b307: Error: task: exception unauthorized musync:13 in doWork (Task.h.doWork.188)
2020-05-11T13:12:59.898303Z: t=6d1f: Info: syn: End Starting change monitors for 8D0E76C95CFBD7880A495C73@AdobeID (SyncController.cpp.startChangeMonitorsHandlerIf.2121)
2020-05-11T13:12:59.898384Z: t=6d1f: Info: syn: End Starting for 8D0E76C95CFBD7880A495C73@AdobeID (SyncController.cpp.startHandler.789)
2020-05-11T13:12:59.898424Z: t=6d1f: Info: syn: End Handling system wake for 8D0E76C95CFBD7880A495C73@AdobeID (SyncController.cpp.systemWakeHandler.866)
2020-05-11T13:12:59.898463Z: t=6d1f: Error: syn: exception unauthorized musync:13 system.wake (SyncController.cpp.systemWake.740)
