2020-05-10T14:16:16.328179Z: t=0307: Info: jura: Connectivity change was: offline, now: online (NetworkMonitor_mac.mm.onReachabilityChange.198)
2020-05-10T14:16:16.334777Z: t=6d1f: Info: syn: Begin Handling network online for 8D0E76C95CFBD7880A495C73@AdobeID (SyncController.cpp.networkOnlineHandler.880)
2020-05-10T14:16:16.334960Z: t=6d1f: Info: syn: Begin Starting for 8D0E76C95CFBD7880A495C73@AdobeID (SyncController.cpp.startHandler.789)
2020-05-10T14:16:16.378960Z: t=6d1f: Info: syn: Begin Starting jobs for 8D0E76C95CFBD7880A495C73@AdobeID (SyncController.cpp.startJobsHandlerIf.1804)
2020-05-10T14:16:16.384948Z: t=14203: Info: job: Begin Start 8D0E76C95CFBD7880A495C73@AdobeID.00000000-0000-0000-0000-000000000000.files (JobController.cpp.startHandler.2693)
2020-05-10T14:16:16.385144Z: t=b703: Info: job: Begin Start 8D0E76C95CFBD7880A495C73@AdobeID.00000000-0000-0000-0000-000000000000.cloudnative (JobController.cpp.startHandler.2693)
2020-05-10T14:16:16.386290Z: t=14203: Info: job: Start failed - job is not authorized invalidated 8D0E76C95CFBD7880A495C73@AdobeID.00000000-0000-0000-0000-000000000000.files (JobController.cpp.startHandler.2704)
2020-05-10T14:16:16.386703Z: t=b703: Info: job: Start failed - job is not authorized invalidated 8D0E76C95CFBD7880A495C73@AdobeID.00000000-0000-0000-0000-000000000000.cloudnative (JobController.cpp.startHandler.2704)
2020-05-10T14:16:16.389820Z: t=b703: Info: job: End Start 8D0E76C95CFBD7880A495C73@AdobeID.00000000-0000-0000-0000-000000000000.cloudnative (JobController.cpp.startHandler.2693)
2020-05-10T14:16:16.389870Z: t=14203: Info: job: End Start 8D0E76C95CFBD7880A495C73@AdobeID.00000000-0000-0000-0000-000000000000.files (JobController.cpp.startHandler.2693)
2020-05-10T14:16:16.390073Z: t=14203: Error: task: exception unauthorized musync:13 in doWork (Task.h.doWork.188)
2020-05-10T14:16:16.390087Z: t=b703: Error: task: exception unauthorized musync:13 in doWork (Task.h.doWork.188)
2020-05-10T14:16:16.390226Z: t=6d1f: Info: syn: End Starting jobs for 8D0E76C95CFBD7880A495C73@AdobeID (SyncController.cpp.startJobsHandlerIf.1804)
2020-05-10T14:16:16.390397Z: t=6d1f: Info: syn: Begin Starting change monitors for 8D0E76C95CFBD7880A495C73@AdobeID (SyncController.cpp.startChangeMonitorsHandlerIf.2121)
2020-05-10T14:16:16.390461Z: t=b307: Info: mon: Begin Start 8D0E76C95CFBD7880A495C73@AdobeID.00000000-0000-0000-0000-000000000000.cclibraries (ChangeMonitorController.cpp.startHandler.413)
2020-05-10T14:16:16.390982Z: t=b307: Info: mon: Start failed - changeMonitor is not authorized invalidated 8D0E76C95CFBD7880A495C73@AdobeID.00000000-0000-0000-0000-000000000000.cclibraries (ChangeMonitorController.cpp.startHandler.424)
2020-05-10T14:16:16.391539Z: t=b307: Info: mon: End Start 8D0E76C95CFBD7880A495C73@AdobeID.00000000-0000-0000-0000-000000000000.cclibraries (ChangeMonitorController.cpp.startHandler.413)
2020-05-10T14:16:16.391626Z: t=b307: Error: task: exception unauthorized musync:13 in doWork (Task.h.doWork.188)
2020-05-10T14:16:16.391701Z: t=6d1f: Info: syn: End Starting change monitors for 8D0E76C95CFBD7880A495C73@AdobeID (SyncController.cpp.startChangeMonitorsHandlerIf.2121)
2020-05-10T14:16:16.395265Z: t=6d1f: Info: syn: End Starting for 8D0E76C95CFBD7880A495C73@AdobeID (SyncController.cpp.startHandler.789)
2020-05-10T14:16:16.395409Z: t=6d1f: Info: syn: End Handling network online for 8D0E76C95CFBD7880A495C73@AdobeID (SyncController.cpp.networkOnlineHandler.880)
2020-05-10T14:16:16.395477Z: t=6d1f: Error: syn: exception unauthorized musync:13 network.online (SyncController.cpp.networkOnline.755)
2020-05-11T01:52:12.348733Z: t=0307: Info: [livetype] machine wake up from sleep
2020-05-11T01:52:12.361143Z: t=0307: Info: system: Begin incoming system notification 'NSWorkspaceDidWakeNotification' (MSystemObserver.mm.-[SystemEventHandler onEvent:].79)
2020-05-11T01:52:12.367195Z: t=0307: Info: system: End incoming system notification 'NSWorkspaceDidWakeNotification' (MSystemObserver.mm.-[SystemEventHandler onEvent:].79)
2020-05-11T01:52:12.694808Z: t=0307: Info: jura: Connectivity change was: online, now: offline (NetworkMonitor_mac.mm.onReachabilityChange.198)
2020-05-11T01:52:12.709766Z: t=6d1f: Info: syn: Begin Handling network offline for 8D0E76C95CFBD7880A495C73@AdobeID (SyncController.cpp.networkOfflineHandler.875)
2020-05-11T01:52:12.720281Z: t=6d1f: Info: syn: Begin Stopping due to connectivity for 8D0E76C95CFBD7880A495C73@AdobeID (SyncController.cpp.stopHandler.813)
2020-05-11T01:52:12.725351Z: t=6d1f: Info: syn: Begin Stopping jobs for 8D0E76C95CFBD7880A495C73@AdobeID (SyncController.cpp.stopJobsHandlerIf.1785)
2020-05-11T01:52:12.730812Z: t=b703: Info: job: Begin Stop in state connectivity from current state stopped+auth 8D0E76C95CFBD7880A495C73@AdobeID.00000000-0000-0000-0000-000000000000.cloudnative (JobController.cpp.stopHandler.2799)
2020-05-11T01:52:12.731569Z: t=14203: Info: job: Begin Stop in state connectivity from current state stopped+auth 8D0E76C95CFBD7880A495C73@AdobeID.00000000-0000-0000-0000-000000000000.files (JobController.cpp.stopHandler.2799)
2020-05-11T01:52:12.731667Z: t=14203: Info: job: Job is already stopped 8D0E76C95CFBD7880A495C73@AdobeID.00000000-0000-0000-0000-000000000000.files (JobController.cpp.stopHandler.2841)
2020-05-11T01:52:12.731853Z: t=14203: Info: job: End Stop in state connectivity from current state stopped+auth 8D0E76C95CFBD7880A495C73@AdobeID.00000000-0000-0000-0000-000000000000.files (JobController.cpp.stopHandler.2799)
2020-05-11T01:52:12.734612Z: t=b703: Info: job: Job is already stopped 8D0E76C95CFBD7880A495C73@AdobeID.00000000-0000-0000-0000-000000000000.cloudnative (JobController.cpp.stopHandler.2841)
2020-05-11T01:52:12.734681Z: t=b703: Info: job: End Stop in state connectivity from current state stopped+auth 8D0E76C95CFBD7880A495C73@AdobeID.00000000-0000-0000-0000-000000000000.cloudnative (JobController.cpp.stopHandler.2799)
2020-05-11T01:52:12.737751Z: t=6d1f: Info: syn: End Stopping jobs for 8D0E76C95CFBD7880A495C73@AdobeID (SyncController.cpp.stopJobsHandlerIf.1785)
2020-05-11T01:52:12.737994Z: t=6d1f: Info: syn: Begin Stopping change monitors for 8D0E76C95CFBD7880A495C73@AdobeID (SyncController.cpp.stopChangeMonitorsHandlerIf.2105)
2020-05-11T01:52:12.739167Z: t=b307: Info: mon: Begin Stop in state connectivity from current state stopped+auth 8D0E76C95CFBD7880A495C73@AdobeID.00000000-0000-0000-0000-000000000000.cclibraries (ChangeMonitorController.cpp.stopHandler.447)
2020-05-11T01:52:12.740482Z: t=b307: Info: mon: Stop skipped - changeMonitor is already stopped 8D0E76C95CFBD7880A495C73@AdobeID.00000000-0000-0000-0000-000000000000.cclibraries (ChangeMonitorController.cpp.stopHandler.454)
2020-05-11T01:52:12.740762Z: t=b307: Info: mon: End Stop in state connectivity from current state stopped+auth 8D0E76C95CFBD7880A495C73@AdobeID.00000000-0000-0000-0000-000000000000.cclibraries (ChangeMonitorController.cpp.stopHandler.447)
2020-05-11T01:52:12.740830Z: t=6d1f: Info: syn: End Stopping change monitors for 8D0E76C95CFBD7880A495C73@AdobeID (SyncController.cpp.stopChangeMonitorsHandlerIf.2105)
2020-05-11T01:52:12.740934Z: t=6d1f: Info: syn: End Stopping due to connectivity for 8D0E76C95CFBD7880A495C73@AdobeID (SyncController.cpp.stopHandler.813)
2020-05-11T01:52:12.740968Z: t=6d1f: Info: syn: End Handling network offline for 8D0E76C95CFBD7880A495C73@AdobeID (SyncController.cpp.networkOfflineHandler.875)
2020-05-11T01:52:15.538309Z: t=0307: Info: jura: Connectivity change was: offline, now: online (NetworkMonitor_mac.mm.onReachabilityChange.198)
2020-05-11T01:52:15.541080Z: t=6d1f: Info: syn: Begin Handling network online for 8D0E76C95CFBD7880A495C73@AdobeID (SyncController.cpp.networkOnlineHandler.880)
2020-05-11T01:52:15.541169Z: t=6d1f: Info: syn: Begin Starting for 8D0E76C95CFBD7880A495C73@AdobeID (SyncController.cpp.startHandler.789)
2020-05-11T01:52:15.550375Z: t=6d1f: Info: syn: Begin Starting jobs for 8D0E76C95CFBD7880A495C73@AdobeID (SyncController.cpp.startJobsHandlerIf.1804)
2020-05-11T01:52:15.559184Z: t=b703: Info: job: Begin Start 8D0E76C95CFBD7880A495C73@AdobeID.00000000-0000-0000-0000-000000000000.cloudnative (JobController.cpp.startHandler.2693)
2020-05-11T01:52:15.560563Z: t=14203: Info: job: Begin Start 8D0E76C95CFBD7880A495C73@AdobeID.00000000-0000-0000-0000-000000000000.files (JobController.cpp.startHandler.2693)
2020-05-11T01:52:15.560832Z: t=b703: Info: job: Start failed - job is not authorized invalidated 8D0E76C95CFBD7880A495C73@AdobeID.00000000-0000-0000-0000-000000000000.cloudnative (JobController.cpp.startHandler.2704)
2020-05-11T01:52:15.560706Z: t=14203: Info: job: Start failed - job is not authorized invalidated 8D0E76C95CFBD7880A495C73@AdobeID.00000000-0000-0000-0000-000000000000.files (JobController.cpp.startHandler.2704)
2020-05-11T01:52:15.564979Z: t=b703: Info: job: End Start 8D0E76C95CFBD7880A495C73@AdobeID.00000000-0000-0000-0000-000000000000.cloudnative (JobController.cpp.startHandler.2693)
2020-05-11T01:52:15.565087Z: t=14203: Info: job: End Start 8D0E76C95CFBD7880A495C73@AdobeID.00000000-0000-0000-0000-000000000000.files (JobController.cpp.startHandler.2693)
2020-05-11T01:52:15.567049Z: t=b703: Error: task: exception unauthorized musync:13 in doWork (Task.h.doWork.188)
2020-05-11T01:52:15.567049Z: t=14203: Error: task: exception unauthorized musync:13 in doWork (Task.h.doWork.188)
2020-05-11T01:52:15.567559Z: t=6d1f: Info: syn: End Starting jobs for 8D0E76C95CFBD7880A495C73@AdobeID (SyncController.cpp.startJobsHandlerIf.1804)
2020-05-11T01:52:15.567631Z: t=6d1f: Info: syn: Begin Starting change monitors for 8D0E76C95CFBD7880A495C73@AdobeID (SyncController.cpp.startChangeMonitorsHandlerIf.2121)
2020-05-11T01:52:15.567659Z: t=b307: Info: mon: Begin Start 8D0E76C95CFBD7880A495C73@AdobeID.00000000-0000-0000-0000-000000000000.cclibraries (ChangeMonitorController.cpp.startHandler.413)
2020-05-11T01:52:15.567723Z: t=b307: Info: mon: Start failed - changeMonitor is not authorized invalidated 8D0E76C95CFBD7880A495C73@AdobeID.00000000-0000-0000-0000-000000000000.cclibraries (ChangeMonitorController.cpp.startHandler.424)
2020-05-11T01:52:15.567802Z: t=b307: Info: mon: End Start 8D0E76C95CFBD7880A495C73@AdobeID.00000000-0000-0000-0000-000000000000.cclibraries (ChangeMonitorController.cpp.startHandler.413)
2020-05-11T01:52:15.567853Z: t=b307: Error: task: exception unauthorized musync:13 in doWork (Task.h.doWork.188)
2020-05-11T01:52:15.567950Z: t=6d1f: Info: syn: End Starting change monitors for 8D0E76C95CFBD7880A495C73@AdobeID (SyncController.cpp.startChangeMonitorsHandlerIf.2121)
2020-05-11T01:52:15.568022Z: t=6d1f: Info: syn: End Starting for 8D0E76C95CFBD7880A495C73@AdobeID (SyncController.cpp.startHandler.789)
2020-05-11T01:52:15.568062Z: t=6d1f: Info: syn: End Handling network online for 8D0E76C95CFBD7880A495C73@AdobeID (SyncController.cpp.networkOnlineHandler.880)
2020-05-11T01:52:15.568104Z: t=6d1f: Error: syn: exception unauthorized musync:13 network.online (SyncController.cpp.networkOnline.755)
2020-05-11T01:52:27.368390Z: t=6d1f: Info: syn: Begin Handling system wake for 8D0E76C95CFBD7880A495C73@AdobeID (SyncController.cpp.systemWakeHandler.866)
2020-05-11T01:52:27.368514Z: t=6d1f: Info: syn: Begin Starting for 8D0E76C95CFBD7880A495C73@AdobeID (SyncController.cpp.startHandler.789)
2020-05-11T01:52:27.368662Z: t=14203: Info: job: Begin Start 8D0E76C95CFBD7880A495C73@AdobeID.00000000-0000-0000-0000-000000000000.files (JobController.cpp.startHandler.2693)
2020-05-11T01:52:27.368735Z: t=b703: Info: job: Begin Start 8D0E76C95CFBD7880A495C73@AdobeID.00000000-0000-0000-0000-000000000000.cloudnative (JobController.cpp.startHandler.2693)
2020-05-11T01:52:27.368742Z: t=14203: Info: job: Start failed - job is not authorized invalidated 8D0E76C95CFBD7880A495C73@AdobeID.00000000-0000-0000-0000-000000000000.files (JobController.cpp.startHandler.2704)
2020-05-11T01:52:27.368758Z: t=6d1f: Info: syn: Begin Starting jobs for 8D0E76C95CFBD7880A495C73@AdobeID (SyncController.cpp.startJobsHandlerIf.1804)
2020-05-11T01:52:27.368817Z: t=b703: Info: job: Start failed - job is not authorized invalidated 8D0E76C95CFBD7880A495C73@AdobeID.00000000-0000-0000-0000-000000000000.cloudnative (JobController.cpp.startHandler.2704)
2020-05-11T01:52:27.368898Z: t=14203: Info: job: End Start 8D0E76C95CFBD7880A495C73@AdobeID.00000000-0000-0000-0000-000000000000.files (JobController.cpp.startHandler.2693)
2020-05-11T01:52:27.369042Z: t=b703: Info: job: End Start 8D0E76C95CFBD7880A495C73@AdobeID.00000000-0000-0000-0000-000000000000.cloudnative (JobController.cpp.startHandler.2693)
2020-05-11T01:52:27.369140Z: t=14203: Error: task: exception unauthorized musync:13 in doWork (Task.h.doWork.188)
2020-05-11T01:52:27.369157Z: t=b703: Error: task: exception unauthorized musync:13 in doWork (Task.h.doWork.188)
2020-05-11T01:52:27.369252Z: t=6d1f: Info: syn: End Starting jobs for 8D0E76C95CFBD7880A495C73@AdobeID (SyncController.cpp.startJobsHandlerIf.1804)
2020-05-11T01:52:27.369315Z: t=6d1f: Info: syn: Begin Starting change monitors for 8D0E76C95CFBD7880A495C73@AdobeID (SyncController.cpp.startChangeMonitorsHandlerIf.2121)
2020-05-11T01:52:27.369363Z: t=b307: Info: mon: Begin Start 8D0E76C95CFBD7880A495C73@AdobeID.00000000-0000-0000-0000-000000000000.cclibraries (ChangeMonitorController.cpp.startHandler.413)
2020-05-11T01:52:27.369406Z: t=b307: Info: mon: Start failed - changeMonitor is not authorized invalidated 8D0E76C95CFBD7880A495C73@AdobeID.00000000-0000-0000-0000-000000000000.cclibraries (ChangeMonitorController.cpp.startHandler.424)
2020-05-11T01:52:27.369444Z: t=b307: Info: mon: End Start 8D0E76C95CFBD7880A495C73@AdobeID.00000000-0000-0000-0000-000000000000.cclibraries (ChangeMonitorController.cpp.startHandler.413)
2020-05-11T01:52:27.369478Z: t=b307: Error: task: exception unauthorized musync:13 in doWork (Task.h.doWork.188)
2020-05-11T01:52:27.369524Z: t=6d1f: Info: syn: End Starting change monitors for 8D0E76C95CFBD7880A495C73@AdobeID (SyncController.cpp.startChangeMonitorsHandlerIf.2121)
2020-05-11T01:52:27.369563Z: t=6d1f: Info: syn: End Starting for 8D0E76C95CFBD7880A495C73@AdobeID (SyncController.cpp.startHandler.789)
2020-05-11T01:52:27.369590Z: t=6d1f: Info: syn: End Handling system wake for 8D0E76C95CFBD7880A495C73@AdobeID (SyncController.cpp.systemWakeHandler.866)
2020-05-11T01:52:27.369618Z: t=6d1f: Error: syn: exception unauthorized musync:13 system.wake (SyncController.cpp.systemWake.740)
2020-05-11T02:05:02.858542Z: t=0307: Info: system: Begin incoming system notification 'NSWorkspaceWillSleepNotification' (MSystemObserver.mm.-[SystemEventHandler onEvent:].79)
2020-05-11T02:05:02.859270Z: t=0307: Info: system: End incoming system notification 'NSWorkspaceWillSleepNotification' (MSystemObserver.mm.-[SystemEventHandler onEvent:].79)
2020-05-11T02:05:02.861512Z: t=6d1f: Info: syn: Begin Handling system sleep for 8D0E76C95CFBD7880A495C73@AdobeID (SyncController.cpp.systemSleepHandler.861)
2020-05-11T02:05:02.861677Z: t=6d1f: Info: syn: Begin Stopping due to system_sleep for 8D0E76C95CFBD7880A495C73@AdobeID (SyncController.cpp.stopHandler.813)
2020-05-11T02:05:02.861908Z: t=6d1f: Info: syn: Begin Stopping jobs for 8D0E76C95CFBD7880A495C73@AdobeID (SyncController.cpp.stopJobsHandlerIf.1785)
2020-05-11T02:05:02.864324Z: t=b703: Info: job: Begin Stop in state system_sleep from current state stopped+auth 8D0E76C95CFBD7880A495C73@AdobeID.00000000-0000-0000-0000-000000000000.cloudnative (JobController.cpp.stopHandler.2799)
2020-05-11T02:05:02.864423Z: t=b703: Info: job: Job is already stopped 8D0E76C95CFBD7880A495C73@AdobeID.00000000-0000-0000-0000-000000000000.cloudnative (JobController.cpp.stopHandler.2841)
2020-05-11T02:05:02.864468Z: t=b703: Info: job: End Stop in state system_sleep from current state stopped+auth 8D0E76C95CFBD7880A495C73@AdobeID.00000000-0000-0000-0000-000000000000.cloudnative (JobController.cpp.stopHandler.2799)
2020-05-11T02:05:02.864565Z: t=14203: Info: job: Begin Stop in state system_sleep from current state stopped+auth 8D0E76C95CFBD7880A495C73@AdobeID.00000000-0000-0000-0000-000000000000.files (JobController.cpp.stopHandler.2799)
2020-05-11T02:05:02.864653Z: t=14203: Info: job: Job is already stopped 8D0E76C95CFBD7880A495C73@AdobeID.00000000-0000-0000-0000-000000000000.files (JobController.cpp.stopHandler.2841)
2020-05-11T02:05:02.864739Z: t=14203: Info: job: End Stop in state system_sleep from current state stopped+auth 8D0E76C95CFBD7880A495C73@AdobeID.00000000-0000-0000-0000-000000000000.files (JobController.cpp.stopHandler.2799)
2020-05-11T02:05:02.866476Z: t=6d1f: Info: syn: End Stopping jobs for 8D0E76C95CFBD7880A495C73@AdobeID (SyncController.cpp.stopJobsHandlerIf.1785)
2020-05-11T02:05:02.866655Z: t=6d1f: Info: syn: Begin Stopping change monitors for 8D0E76C95CFBD7880A495C73@AdobeID (SyncController.cpp.stopChangeMonitorsHandlerIf.2105)
2020-05-11T02:05:02.868287Z: t=b307: Info: mon: Begin Stop in state system_sleep from current state stopped+auth 8D0E76C95CFBD7880A495C73@AdobeID.00000000-0000-0000-0000-000000000000.cclibraries (ChangeMonitorController.cpp.stopHandler.447)
2020-05-11T02:05:02.868463Z: t=b307: Info: mon: Stop skipped - changeMonitor is already stopped 8D0E76C95CFBD7880A495C73@AdobeID.00000000-0000-0000-0000-000000000000.cclibraries (ChangeMonitorController.cpp.stopHandler.454)
2020-05-11T02:05:02.868502Z: t=b307: Info: mon: End Stop in state system_sleep from current state stopped+auth 8D0E76C95CFBD7880A495C73@AdobeID.00000000-0000-0000-0000-000000000000.cclibraries (ChangeMonitorController.cpp.stopHandler.447)
2020-05-11T02:05:02.869619Z: t=6d1f: Info: syn: End Stopping change monitors for 8D0E76C95CFBD7880A495C73@AdobeID (SyncController.cpp.stopChangeMonitorsHandlerIf.2105)
2020-05-11T02:05:02.869716Z: t=6d1f: Info: syn: End Stopping due to system_sleep for 8D0E76C95CFBD7880A495C73@AdobeID (SyncController.cpp.stopHandler.813)
2020-05-11T02:05:02.869781Z: t=6d1f: Info: syn: End Handling system sleep for 8D0E76C95CFBD7880A495C73@AdobeID (SyncController.cpp.systemSleepHandler.861)
2020-05-11T04:05:22.837276Z: t=0307: Info: jura: Connectivity change was: online, now: offline (NetworkMonitor_mac.mm.onReachabilityChange.198)
2020-05-11T04:05:22.841140Z: t=6d1f: Info: syn: Begin Handling network offline for 8D0E76C95CFBD7880A495C73@AdobeID (SyncController.cpp.networkOfflineHandler.875)
2020-05-11T04:05:22.841241Z: t=6d1f: Info: syn: Begin Stopping due to connectivity for 8D0E76C95CFBD7880A495C73@AdobeID (SyncController.cpp.stopHandler.813)
2020-05-11T04:05:22.841627Z: t=6d1f: Info: syn: Begin Stopping jobs for 8D0E76C95CFBD7880A495C73@AdobeID (SyncController.cpp.stopJobsHandlerIf.1785)
2020-05-11T04:05:22.843794Z: t=b703: Info: job: Begin Stop in state connectivity from current state stopped+auth 8D0E76C95CFBD7880A495C73@AdobeID.00000000-0000-0000-0000-000000000000.cloudnative (JobController.cpp.stopHandler.2799)
2020-05-11T04:05:22.843903Z: t=14203: Info: job: Begin Stop in state connectivity from current state stopped+auth 8D0E76C95CFBD7880A495C73@AdobeID.00000000-0000-0000-0000-000000000000.files (JobController.cpp.stopHandler.2799)
2020-05-11T04:05:22.844010Z: t=14203: Info: job: Job is already stopped 8D0E76C95CFBD7880A495C73@AdobeID.00000000-0000-0000-0000-000000000000.files (JobController.cpp.stopHandler.2841)
2020-05-11T04:05:22.844075Z: t=14203: Info: job: End Stop in state connectivity from current state stopped+auth 8D0E76C95CFBD7880A495C73@AdobeID.00000000-0000-0000-0000-000000000000.files (JobController.cpp.stopHandler.2799)
2020-05-11T04:05:22.843917Z: t=b703: Info: job: Job is already stopped 8D0E76C95CFBD7880A495C73@AdobeID.00000000-0000-0000-0000-000000000000.cloudnative (JobController.cpp.stopHandler.2841)
2020-05-11T04:05:22.846892Z: t=b703: Info: job: End Stop in state connectivity from current state stopped+auth 8D0E76C95CFBD7880A495C73@AdobeID.00000000-0000-0000-0000-000000000000.cloudnative (JobController.cpp.stopHandler.2799)
2020-05-11T04:05:22.854490Z: t=6d1f: Info: syn: End Stopping jobs for 8D0E76C95CFBD7880A495C73@AdobeID (SyncController.cpp.stopJobsHandlerIf.1785)
2020-05-11T04:05:22.854643Z: t=6d1f: Info: syn: Begin Stopping change monitors for 8D0E76C95CFBD7880A495C73@AdobeID (SyncController.cpp.stopChangeMonitorsHandlerIf.2105)
2020-05-11T04:05:22.860926Z: t=b307: Info: mon: Begin Stop in state connectivity from current state stopped+auth 8D0E76C95CFBD7880A495C73@AdobeID.00000000-0000-0000-0000-000000000000.cclibraries (ChangeMonitorController.cpp.stopHandler.447)
2020-05-11T04:05:22.861225Z: t=b307: Info: mon: Stop skipped - changeMonitor is already stopped 8D0E76C95CFBD7880A495C73@AdobeID.00000000-0000-0000-0000-000000000000.cclibraries (ChangeMonitorController.cpp.stopHandler.454)
2020-05-11T04:05:22.861279Z: t=b307: Info: mon: End Stop in state connectivity from current state stopped+auth 8D0E76C95CFBD7880A495C73@AdobeID.00000000-0000-0000-0000-000000000000.cclibraries (ChangeMonitorController.cpp.stopHandler.447)
2020-05-11T04:05:22.866317Z: t=6d1f: Info: syn: End Stopping change monitors for 8D0E76C95CFBD7880A495C73@AdobeID (SyncController.cpp.stopChangeMonitorsHandlerIf.2105)
2020-05-11T04:05:22.866401Z: t=6d1f: Info: syn: End Stopping due to connectivity for 8D0E76C95CFBD7880A495C73@AdobeID (SyncController.cpp.stopHandler.813)
2020-05-11T04:05:22.866434Z: t=6d1f: Info: syn: End Handling network offline for 8D0E76C95CFBD7880A495C73@AdobeID (SyncController.cpp.networkOfflineHandler.875)
