2020-05-07T13:09:06.301740Z: t=0307: Info: [livetype] machine wake up from sleep
2020-05-07T13:09:06.341444Z: t=0307: Info: system: Begin incoming system notification 'NSWorkspaceDidWakeNotification' (MSystemObserver.mm.-[SystemEventHandler onEvent:].79)
2020-05-07T13:09:06.343634Z: t=0307: Info: system: End incoming system notification 'NSWorkspaceDidWakeNotification' (MSystemObserver.mm.-[SystemEventHandler onEvent:].79)
2020-05-07T13:09:06.733669Z: t=0307: Info: jura: Connectivity change was: online, now: offline (NetworkMonitor_mac.mm.onReachabilityChange.198)
2020-05-07T13:09:06.738927Z: t=6d1f: Info: syn: Begin Handling network offline for 8D0E76C95CFBD7880A495C73@AdobeID (SyncController.cpp.networkOfflineHandler.875)
2020-05-07T13:09:06.739048Z: t=6d1f: Info: syn: Begin Stopping due to connectivity for 8D0E76C95CFBD7880A495C73@AdobeID (SyncController.cpp.stopHandler.813)
2020-05-07T13:09:06.739356Z: t=6d1f: Info: syn: Begin Stopping jobs for 8D0E76C95CFBD7880A495C73@AdobeID (SyncController.cpp.stopJobsHandlerIf.1785)
2020-05-07T13:09:06.742162Z: t=b703: Info: job: Begin Stop in state connectivity from current state stopped+auth 8D0E76C95CFBD7880A495C73@AdobeID.00000000-0000-0000-0000-000000000000.cloudnative (JobController.cpp.stopHandler.2799)
2020-05-07T13:09:06.742326Z: t=b703: Info: job: Job is already stopped 8D0E76C95CFBD7880A495C73@AdobeID.00000000-0000-0000-0000-000000000000.cloudnative (JobController.cpp.stopHandler.2841)
2020-05-07T13:09:06.742413Z: t=b703: Info: job: End Stop in state connectivity from current state stopped+auth 8D0E76C95CFBD7880A495C73@AdobeID.00000000-0000-0000-0000-000000000000.cloudnative (JobController.cpp.stopHandler.2799)
2020-05-07T13:09:06.742334Z: t=14203: Info: job: Begin Stop in state connectivity from current state stopped+auth 8D0E76C95CFBD7880A495C73@AdobeID.00000000-0000-0000-0000-000000000000.files (JobController.cpp.stopHandler.2799)
2020-05-07T13:09:06.742947Z: t=14203: Info: job: Job is already stopped 8D0E76C95CFBD7880A495C73@AdobeID.00000000-0000-0000-0000-000000000000.files (JobController.cpp.stopHandler.2841)
2020-05-07T13:09:06.742996Z: t=14203: Info: job: End Stop in state connectivity from current state stopped+auth 8D0E76C95CFBD7880A495C73@AdobeID.00000000-0000-0000-0000-000000000000.files (JobController.cpp.stopHandler.2799)
2020-05-07T13:09:06.743066Z: t=6d1f: Info: syn: End Stopping jobs for 8D0E76C95CFBD7880A495C73@AdobeID (SyncController.cpp.stopJobsHandlerIf.1785)
2020-05-07T13:09:06.744335Z: t=6d1f: Info: syn: Begin Stopping change monitors for 8D0E76C95CFBD7880A495C73@AdobeID (SyncController.cpp.stopChangeMonitorsHandlerIf.2105)
2020-05-07T13:09:06.744478Z: t=b307: Info: mon: Begin Stop in state connectivity from current state stopped+auth 8D0E76C95CFBD7880A495C73@AdobeID.00000000-0000-0000-0000-000000000000.cclibraries (ChangeMonitorController.cpp.stopHandler.447)
2020-05-07T13:09:06.744587Z: t=b307: Info: mon: Stop skipped - changeMonitor is already stopped 8D0E76C95CFBD7880A495C73@AdobeID.00000000-0000-0000-0000-000000000000.cclibraries (ChangeMonitorController.cpp.stopHandler.454)
2020-05-07T13:09:06.744631Z: t=b307: Info: mon: End Stop in state connectivity from current state stopped+auth 8D0E76C95CFBD7880A495C73@AdobeID.00000000-0000-0000-0000-000000000000.cclibraries (ChangeMonitorController.cpp.stopHandler.447)
2020-05-07T13:09:06.746114Z: t=6d1f: Info: syn: End Stopping change monitors for 8D0E76C95CFBD7880A495C73@AdobeID (SyncController.cpp.stopChangeMonitorsHandlerIf.2105)
2020-05-07T13:09:06.746212Z: t=6d1f: Info: syn: End Stopping due to connectivity for 8D0E76C95CFBD7880A495C73@AdobeID (SyncController.cpp.stopHandler.813)
2020-05-07T13:09:06.746536Z: t=6d1f: Info: syn: End Handling network offline for 8D0E76C95CFBD7880A495C73@AdobeID (SyncController.cpp.networkOfflineHandler.875)
2020-05-07T13:09:08.301933Z: t=580b: Info: ipc: Receiving sync.in.request.auth.invalidate 8D0E76C95CFBD7880A495C73@AdobeID 36FBC51A-5F6D-464A-85CA-AA42083C4230 << ADCS (CoreSyncController.cpp.receiveMessage.252)
2020-05-07T13:09:08.302796Z: t=6d1f: Info: syn: Begin Invalidating access for 8D0E76C95CFBD7880A495C73@AdobeID (SyncController.cpp.authInvalidateHandler.1194)
2020-05-07T13:09:08.303241Z: t=6d1f: Info: AppHookControllerImpl::onInvalidateAccessToken in
2020-05-07T13:09:08.303322Z: t=6d1f: Info: [livetype] onInvalidateAccessToken
2020-05-07T13:09:08.303382Z: t=6d1f: Info: AppHookControllerImpl::onInvalidateAccessToken out
2020-05-07T13:09:08.303453Z: t=a607: Info: [livetype]  enableFontSync
2020-05-07T13:09:08.303475Z: t=6d1f: Info: syn: Begin Stopping due to auth_invalidated for 8D0E76C95CFBD7880A495C73@AdobeID (SyncController.cpp.stopHandler.813)
2020-05-07T13:09:08.303503Z: t=a607: Info: [livetype] longpoll: processing latest entitlement file
2020-05-07T13:09:08.303596Z: t=6d1f: Info: syn: Begin Stopping jobs for 8D0E76C95CFBD7880A495C73@AdobeID (SyncController.cpp.stopJobsHandlerIf.1785)
2020-05-07T13:09:08.303620Z: t=b703: Info: job: Begin Stop in state auth from current state stopped+auth 8D0E76C95CFBD7880A495C73@AdobeID.00000000-0000-0000-0000-000000000000.cloudnative (JobController.cpp.stopHandler.2799)
2020-05-07T13:09:08.303676Z: t=b703: Info: job: Job is already stopped 8D0E76C95CFBD7880A495C73@AdobeID.00000000-0000-0000-0000-000000000000.cloudnative (JobController.cpp.stopHandler.2841)
2020-05-07T13:09:08.303722Z: t=a607: Info: [livetype] longpoll: couldn't find entitlement file
2020-05-07T13:09:08.303713Z: t=b703: Info: job: End Stop in state auth from current state stopped+auth 8D0E76C95CFBD7880A495C73@AdobeID.00000000-0000-0000-0000-000000000000.cloudnative (JobController.cpp.stopHandler.2799)
2020-05-07T13:09:08.303758Z: t=14203: Info: job: Begin Stop in state auth from current state stopped+auth 8D0E76C95CFBD7880A495C73@AdobeID.00000000-0000-0000-0000-000000000000.files (JobController.cpp.stopHandler.2799)
2020-05-07T13:09:08.303763Z: t=a607: Info: [livetype] longpoll: New entitlement file processing failed.
2020-05-07T13:09:08.303851Z: t=14203: Info: job: Job is already stopped 8D0E76C95CFBD7880A495C73@AdobeID.00000000-0000-0000-0000-000000000000.files (JobController.cpp.stopHandler.2841)
2020-05-07T13:09:08.303886Z: t=14203: Info: job: End Stop in state auth from current state stopped+auth 8D0E76C95CFBD7880A495C73@AdobeID.00000000-0000-0000-0000-000000000000.files (JobController.cpp.stopHandler.2799)
2020-05-07T13:09:08.303936Z: t=6d1f: Info: syn: End Stopping jobs for 8D0E76C95CFBD7880A495C73@AdobeID (SyncController.cpp.stopJobsHandlerIf.1785)
2020-05-07T13:09:08.303999Z: t=6d1f: Info: syn: Begin Stopping change monitors for 8D0E76C95CFBD7880A495C73@AdobeID (SyncController.cpp.stopChangeMonitorsHandlerIf.2105)
2020-05-07T13:09:08.304202Z: t=b307: Info: mon: Begin Stop in state auth from current state stopped+auth 8D0E76C95CFBD7880A495C73@AdobeID.00000000-0000-0000-0000-000000000000.cclibraries (ChangeMonitorController.cpp.stopHandler.447)
2020-05-07T13:09:08.304274Z: t=b307: Info: mon: Stop skipped - changeMonitor is already stopped 8D0E76C95CFBD7880A495C73@AdobeID.00000000-0000-0000-0000-000000000000.cclibraries (ChangeMonitorController.cpp.stopHandler.454)
2020-05-07T13:09:08.304312Z: t=b307: Info: mon: End Stop in state auth from current state stopped+auth 8D0E76C95CFBD7880A495C73@AdobeID.00000000-0000-0000-0000-000000000000.cclibraries (ChangeMonitorController.cpp.stopHandler.447)
2020-05-07T13:09:08.304380Z: t=6d1f: Info: syn: End Stopping change monitors for 8D0E76C95CFBD7880A495C73@AdobeID (SyncController.cpp.stopChangeMonitorsHandlerIf.2105)
2020-05-07T13:09:08.304436Z: t=6d1f: Info: syn: End Stopping due to auth_invalidated for 8D0E76C95CFBD7880A495C73@AdobeID (SyncController.cpp.stopHandler.813)
2020-05-07T13:09:08.304578Z: t=6d1f: Info: auth: Invalidating access for vanderpool915@gmail.com (SSO) for 8D0E76C95CFBD7880A495C73@AdobeID (AuthController.cpp.invalidate.255)
2020-05-07T13:09:08.304821Z: t=6d1f: Info: syn: End Invalidating access for 8D0E76C95CFBD7880A495C73@AdobeID (SyncController.cpp.authInvalidateHandler.1194)
2020-05-07T13:09:08.305098Z: t=6d1f: Info: ipc: Sending success sync.out.response.auth.invalidate 8D0E76C95CFBD7880A495C73@AdobeID 36FBC51A-5F6D-464A-85CA-AA42083C4230 >> ADCS (CoreSyncController.cpp.sendResponse.260)
2020-05-07T13:09:08.309453Z: t=a607: Info: [livetype] synced fonts
2020-05-07T13:09:14.804997Z: t=0307: Info: jura: Connectivity change was: offline, now: online (NetworkMonitor_mac.mm.onReachabilityChange.198)
2020-05-07T13:09:14.809744Z: t=6d1f: Info: syn: Begin Handling network online for 8D0E76C95CFBD7880A495C73@AdobeID (SyncController.cpp.networkOnlineHandler.880)
2020-05-07T13:09:14.809809Z: t=6d1f: Info: syn: Begin Starting for 8D0E76C95CFBD7880A495C73@AdobeID (SyncController.cpp.startHandler.789)
2020-05-07T13:09:14.810048Z: t=6d1f: Info: syn: Begin Starting jobs for 8D0E76C95CFBD7880A495C73@AdobeID (SyncController.cpp.startJobsHandlerIf.1804)
2020-05-07T13:09:14.811833Z: t=14203: Info: job: Begin Start 8D0E76C95CFBD7880A495C73@AdobeID.00000000-0000-0000-0000-000000000000.files (JobController.cpp.startHandler.2693)
2020-05-07T13:09:14.811950Z: t=14203: Info: job: Start failed - job is not authorized invalidated 8D0E76C95CFBD7880A495C73@AdobeID.00000000-0000-0000-0000-000000000000.files (JobController.cpp.startHandler.2704)
2020-05-07T13:09:14.811833Z: t=b703: Info: job: Begin Start 8D0E76C95CFBD7880A495C73@AdobeID.00000000-0000-0000-0000-000000000000.cloudnative (JobController.cpp.startHandler.2693)
2020-05-07T13:09:14.813342Z: t=b703: Info: job: Start failed - job is not authorized invalidated 8D0E76C95CFBD7880A495C73@AdobeID.00000000-0000-0000-0000-000000000000.cloudnative (JobController.cpp.startHandler.2704)
2020-05-07T13:09:14.820916Z: t=14203: Info: job: End Start 8D0E76C95CFBD7880A495C73@AdobeID.00000000-0000-0000-0000-000000000000.files (JobController.cpp.startHandler.2693)
2020-05-07T13:09:14.820953Z: t=b703: Info: job: End Start 8D0E76C95CFBD7880A495C73@AdobeID.00000000-0000-0000-0000-000000000000.cloudnative (JobController.cpp.startHandler.2693)
2020-05-07T13:09:14.821069Z: t=14203: Error: task: exception unauthorized musync:13 in doWork (Task.h.doWork.188)
2020-05-07T13:09:14.821534Z: t=b703: Error: task: exception unauthorized musync:13 in doWork (Task.h.doWork.188)
2020-05-07T13:09:14.821909Z: t=6d1f: Info: syn: End Starting jobs for 8D0E76C95CFBD7880A495C73@AdobeID (SyncController.cpp.startJobsHandlerIf.1804)
2020-05-07T13:09:14.822081Z: t=6d1f: Info: syn: Begin Starting change monitors for 8D0E76C95CFBD7880A495C73@AdobeID (SyncController.cpp.startChangeMonitorsHandlerIf.2121)
2020-05-07T13:09:14.822090Z: t=b307: Info: mon: Begin Start 8D0E76C95CFBD7880A495C73@AdobeID.00000000-0000-0000-0000-000000000000.cclibraries (ChangeMonitorController.cpp.startHandler.413)
2020-05-07T13:09:14.823160Z: t=b307: Info: mon: Start failed - changeMonitor is not authorized invalidated 8D0E76C95CFBD7880A495C73@AdobeID.00000000-0000-0000-0000-000000000000.cclibraries (ChangeMonitorController.cpp.startHandler.424)
2020-05-07T13:09:14.823236Z: t=b307: Info: mon: End Start 8D0E76C95CFBD7880A495C73@AdobeID.00000000-0000-0000-0000-000000000000.cclibraries (ChangeMonitorController.cpp.startHandler.413)
2020-05-07T13:09:14.823286Z: t=b307: Error: task: exception unauthorized musync:13 in doWork (Task.h.doWork.188)
2020-05-07T13:09:14.823348Z: t=6d1f: Info: syn: End Starting change monitors for 8D0E76C95CFBD7880A495C73@AdobeID (SyncController.cpp.startChangeMonitorsHandlerIf.2121)
2020-05-07T13:09:14.823419Z: t=6d1f: Info: syn: End Starting for 8D0E76C95CFBD7880A495C73@AdobeID (SyncController.cpp.startHandler.789)
2020-05-07T13:09:14.823460Z: t=6d1f: Info: syn: End Handling network online for 8D0E76C95CFBD7880A495C73@AdobeID (SyncController.cpp.networkOnlineHandler.880)
2020-05-07T13:09:14.823502Z: t=6d1f: Error: syn: exception unauthorized musync:13 network.online (SyncController.cpp.networkOnline.755)
2020-05-07T13:09:18.560581Z: t=b703: Info: job: Begin Recovery from state stopped+auth 8D0E76C95CFBD7880A495C73@AdobeID.00000000-0000-0000-0000-000000000000.cloudnative (JobController.cpp.jobRecoveryTimerHandler.3203)
2020-05-07T13:09:18.561004Z: t=b703: Info: job: Recovery stopping - job not authorized invalidated 8D0E76C95CFBD7880A495C73@AdobeID.00000000-0000-0000-0000-000000000000.cloudnative (JobController.cpp.jobRecoveryTimerHandler.3206)
2020-05-07T13:09:18.561189Z: t=b703: Info: RetryPolicy: Backoff RESET: 30 8D0E76C95CFBD7880A495C73@AdobeID.00000000-0000-0000-0000-000000000000.cloudnative (SyncRetryPolicy.cpp.ResetBackOff.125)
2020-05-07T13:09:18.561233Z: t=b703: Info: job: End Recovery from state stopped+auth 8D0E76C95CFBD7880A495C73@AdobeID.00000000-0000-0000-0000-000000000000.cloudnative (JobController.cpp.jobRecoveryTimerHandler.3203)
2020-05-07T13:09:18.604029Z: t=14203: Info: job: Begin Recovery from state stopped+auth 8D0E76C95CFBD7880A495C73@AdobeID.00000000-0000-0000-0000-000000000000.files (JobController.cpp.jobRecoveryTimerHandler.3203)
2020-05-07T13:09:18.604134Z: t=14203: Info: job: Recovery stopping - job not authorized invalidated 8D0E76C95CFBD7880A495C73@AdobeID.00000000-0000-0000-0000-000000000000.files (JobController.cpp.jobRecoveryTimerHandler.3206)
2020-05-07T13:09:18.604306Z: t=14203: Info: RetryPolicy: Backoff RESET: 30 8D0E76C95CFBD7880A495C73@AdobeID.00000000-0000-0000-0000-000000000000.files (SyncRetryPolicy.cpp.ResetBackOff.125)
2020-05-07T13:09:18.604356Z: t=14203: Info: job: End Recovery from state stopped+auth 8D0E76C95CFBD7880A495C73@AdobeID.00000000-0000-0000-0000-000000000000.files (JobController.cpp.jobRecoveryTimerHandler.3203)
2020-05-07T13:09:18.610671Z: t=b307: Info: mon: Begin Recovery from state stopped+auth 8D0E76C95CFBD7880A495C73@AdobeID.00000000-0000-0000-0000-000000000000.cclibraries (ChangeMonitorController.cpp.recoveryTimerHandler.493)
2020-05-07T13:09:18.610759Z: t=b307: Info: mon: Recovery stopping - not authorized invalidated 8D0E76C95CFBD7880A495C73@AdobeID.00000000-0000-0000-0000-000000000000.cclibraries (ChangeMonitorController.cpp.recoveryTimerHandler.496)
2020-05-07T13:09:18.610895Z: t=b307: Info: RetryPolicy: Backoff RESET: 30 8D0E76C95CFBD7880A495C73@AdobeID.00000000-0000-0000-0000-000000000000.cclibraries (SyncRetryPolicy.cpp.ResetBackOff.125)
2020-05-07T13:09:18.610940Z: t=b307: Info: mon: End Recovery from state stopped+auth 8D0E76C95CFBD7880A495C73@AdobeID.00000000-0000-0000-0000-000000000000.cclibraries (ChangeMonitorController.cpp.recoveryTimerHandler.493)
2020-05-07T13:09:20.730303Z: t=a503: Info: [livetype] longpoll: Sending long poll request to https://polka.typekit.com/subscribe?adobe_id=8D0E76C95CFBD7880A495C73%40AdobeID&entitlement_state=
2020-05-07T13:09:20.730629Z: t=a503: Warning: GUDE: File download need not be resumed for filepath: /Users/Vanessa/Library/Application Support/Adobe/CoreSync/plugins/livetype/.c/entitlements-downloading.xml (ChunkedDownload.cpp.ChunkedDownload.106)
2020-05-07T13:09:20.732998Z: t=a503: Info: [livetype]  downloadToFile (id=longpoll) => 280
2020-05-07T13:09:20.734135Z: t=e313: Info: [livetype] onAddParameters
2020-05-07T13:09:20.734841Z: t=e313: Info: [livetype] onAddHeaders (id=longpoll)
2020-05-07T13:09:20.736850Z: t=e313: Info: [livetype] onSetTimeout
2020-05-07T13:09:20.736933Z: t=e313: Info: [livetype] longpoll: setting poll timeout to 1020
2020-05-07T13:09:21.253332Z: t=e313: Info: [livetype] onResponseHeaders (id=longpoll) {"Date":"Thu, 07 May 2020 13:09:20 GMT","Connection":"Close","Content-Length":"0"}

2020-05-07T13:09:21.253881Z: t=e313: Info: [livetype] onError (id=longpoll) 404 'Not Found'
2020-05-07T13:09:21.253955Z: t=e313: Error: [livetype] longpoll: LTOnError failed to download entitlement file.
2020-05-07T13:09:21.254069Z: t=e313: Warning: GUDE: Delete the sqliteResumeTransfer cache for file : /Users/Vanessa/Library/Application Support/Adobe/CoreSync/plugins/livetype/.c/entitlements-downloading.xml (ChunkedDownload.cpp.~ChunkedDownload.123)
2020-05-07T13:09:21.254135Z: t=e313: Warning: GUDE: wasCancelled : 0 (ChunkedDownload.cpp.~ChunkedDownload.124)
2020-05-07T13:09:21.254181Z: t=e313: Warning: GUDE: wasCancelledDueToError : 0 (ChunkedDownload.cpp.~ChunkedDownload.125)
2020-05-07T13:09:21.254225Z: t=e313: Warning: GUDE: isResumabilityAllowed : 0 (ChunkedDownload.cpp.~ChunkedDownload.126)
2020-05-07T13:09:21.345343Z: t=6d1f: Info: syn: Begin Handling system wake for 8D0E76C95CFBD7880A495C73@AdobeID (SyncController.cpp.systemWakeHandler.866)
2020-05-07T13:09:21.345414Z: t=6d1f: Info: syn: Begin Starting for 8D0E76C95CFBD7880A495C73@AdobeID (SyncController.cpp.startHandler.789)
2020-05-07T13:09:21.345495Z: t=6d1f: Info: syn: Begin Starting jobs for 8D0E76C95CFBD7880A495C73@AdobeID (SyncController.cpp.startJobsHandlerIf.1804)
2020-05-07T13:09:21.345520Z: t=b703: Info: job: Begin Start 8D0E76C95CFBD7880A495C73@AdobeID.00000000-0000-0000-0000-000000000000.cloudnative (JobController.cpp.startHandler.2693)
2020-05-07T13:09:21.345539Z: t=14203: Info: job: Begin Start 8D0E76C95CFBD7880A495C73@AdobeID.00000000-0000-0000-0000-000000000000.files (JobController.cpp.startHandler.2693)
2020-05-07T13:09:21.345579Z: t=b703: Info: job: Start failed - job is not authorized invalidated 8D0E76C95CFBD7880A495C73@AdobeID.00000000-0000-0000-0000-000000000000.cloudnative (JobController.cpp.startHandler.2704)
2020-05-07T13:09:21.345624Z: t=14203: Info: job: Start failed - job is not authorized invalidated 8D0E76C95CFBD7880A495C73@AdobeID.00000000-0000-0000-0000-000000000000.files (JobController.cpp.startHandler.2704)
2020-05-07T13:09:21.345656Z: t=b703: Info: job: End Start 8D0E76C95CFBD7880A495C73@AdobeID.00000000-0000-0000-0000-000000000000.cloudnative (JobController.cpp.startHandler.2693)
2020-05-07T13:09:21.345684Z: t=14203: Info: job: End Start 8D0E76C95CFBD7880A495C73@AdobeID.00000000-0000-0000-0000-000000000000.files (JobController.cpp.startHandler.2693)
2020-05-07T13:09:21.345708Z: t=b703: Error: task: exception unauthorized musync:13 in doWork (Task.h.doWork.188)
2020-05-07T13:09:21.345737Z: t=14203: Error: task: exception unauthorized musync:13 in doWork (Task.h.doWork.188)
2020-05-07T13:09:21.345803Z: t=6d1f: Info: syn: End Starting jobs for 8D0E76C95CFBD7880A495C73@AdobeID (SyncController.cpp.startJobsHandlerIf.1804)
2020-05-07T13:09:21.345870Z: t=6d1f: Info: syn: Begin Starting change monitors for 8D0E76C95CFBD7880A495C73@AdobeID (SyncController.cpp.startChangeMonitorsHandlerIf.2121)
2020-05-07T13:09:21.345891Z: t=b307: Info: mon: Begin Start 8D0E76C95CFBD7880A495C73@AdobeID.00000000-0000-0000-0000-000000000000.cclibraries (ChangeMonitorController.cpp.startHandler.413)
2020-05-07T13:09:21.345938Z: t=b307: Info: mon: Start failed - changeMonitor is not authorized invalidated 8D0E76C95CFBD7880A495C73@AdobeID.00000000-0000-0000-0000-000000000000.cclibraries (ChangeMonitorController.cpp.startHandler.424)
2020-05-07T13:09:21.345981Z: t=b307: Info: mon: End Start 8D0E76C95CFBD7880A495C73@AdobeID.00000000-0000-0000-0000-000000000000.cclibraries (ChangeMonitorController.cpp.startHandler.413)
2020-05-07T13:09:21.346025Z: t=b307: Error: task: exception unauthorized musync:13 in doWork (Task.h.doWork.188)
2020-05-07T13:09:21.346078Z: t=6d1f: Info: syn: End Starting change monitors for 8D0E76C95CFBD7880A495C73@AdobeID (SyncController.cpp.startChangeMonitorsHandlerIf.2121)
2020-05-07T13:09:21.346136Z: t=6d1f: Info: syn: End Starting for 8D0E76C95CFBD7880A495C73@AdobeID (SyncController.cpp.startHandler.789)
2020-05-07T13:09:21.346174Z: t=6d1f: Info: syn: End Handling system wake for 8D0E76C95CFBD7880A495C73@AdobeID (SyncController.cpp.systemWakeHandler.866)
2020-05-07T13:09:21.346212Z: t=6d1f: Error: syn: exception unauthorized musync:13 system.wake (SyncController.cpp.systemWake.740)
2020-05-07T13:09:25.118240Z: t=580b: Info: ipc: Receiving sync.in.request.auth.invalidate 8D0E76C95CFBD7880A495C73@AdobeID 3701F572-F816-4E3D-B3A9-19663BCB385C << ADCS (CoreSyncController.cpp.receiveMessage.252)
2020-05-07T13:09:25.118722Z: t=6d1f: Info: syn: Begin Invalidating access for 8D0E76C95CFBD7880A495C73@AdobeID (SyncController.cpp.authInvalidateHandler.1194)
2020-05-07T13:09:25.118872Z: t=6d1f: Info: AppHookControllerImpl::onInvalidateAccessToken in
2020-05-07T13:09:25.118924Z: t=6d1f: Info: [livetype] onInvalidateAccessToken
2020-05-07T13:09:25.118965Z: t=6d1f: Info: AppHookControllerImpl::onInvalidateAccessToken out
2020-05-07T13:09:25.118979Z: t=a607: Info: [livetype]  enableFontSync
2020-05-07T13:09:25.119057Z: t=6d1f: Info: syn: Begin Stopping due to auth_invalidated for 8D0E76C95CFBD7880A495C73@AdobeID (SyncController.cpp.stopHandler.813)
2020-05-07T13:09:25.119079Z: t=a607: Info: [livetype] longpoll: processing latest entitlement file
2020-05-07T13:09:25.119176Z: t=6d1f: Info: syn: Begin Stopping jobs for 8D0E76C95CFBD7880A495C73@AdobeID (SyncController.cpp.stopJobsHandlerIf.1785)
2020-05-07T13:09:25.119210Z: t=b703: Info: job: Begin Stop in state auth from current state stopped+auth 8D0E76C95CFBD7880A495C73@AdobeID.00000000-0000-0000-0000-000000000000.cloudnative (JobController.cpp.stopHandler.2799)
2020-05-07T13:09:25.119245Z: t=14203: Info: job: Begin Stop in state auth from current state stopped+auth 8D0E76C95CFBD7880A495C73@AdobeID.00000000-0000-0000-0000-000000000000.files (JobController.cpp.stopHandler.2799)
2020-05-07T13:09:25.119309Z: t=14203: Info: job: Job is already stopped 8D0E76C95CFBD7880A495C73@AdobeID.00000000-0000-0000-0000-000000000000.files (JobController.cpp.stopHandler.2841)
2020-05-07T13:09:25.119269Z: t=b703: Info: job: Job is already stopped 8D0E76C95CFBD7880A495C73@AdobeID.00000000-0000-0000-0000-000000000000.cloudnative (JobController.cpp.stopHandler.2841)
2020-05-07T13:09:25.119259Z: t=a607: Info: [livetype] longpoll: couldn't find entitlement file
2020-05-07T13:09:25.119429Z: t=a607: Info: [livetype] longpoll: New entitlement file processing failed.
2020-05-07T13:09:25.119389Z: t=b703: Info: job: End Stop in state auth from current state stopped+auth 8D0E76C95CFBD7880A495C73@AdobeID.00000000-0000-0000-0000-000000000000.cloudnative (JobController.cpp.stopHandler.2799)
2020-05-07T13:09:25.119353Z: t=14203: Info: job: End Stop in state auth from current state stopped+auth 8D0E76C95CFBD7880A495C73@AdobeID.00000000-0000-0000-0000-000000000000.files (JobController.cpp.stopHandler.2799)
2020-05-07T13:09:25.119565Z: t=6d1f: Info: syn: End Stopping jobs for 8D0E76C95CFBD7880A495C73@AdobeID (SyncController.cpp.stopJobsHandlerIf.1785)
2020-05-07T13:09:25.119627Z: t=6d1f: Info: syn: Begin Stopping change monitors for 8D0E76C95CFBD7880A495C73@AdobeID (SyncController.cpp.stopChangeMonitorsHandlerIf.2105)
2020-05-07T13:09:25.119655Z: t=b307: Info: mon: Begin Stop in state auth from current state stopped+auth 8D0E76C95CFBD7880A495C73@AdobeID.00000000-0000-0000-0000-000000000000.cclibraries (ChangeMonitorController.cpp.stopHandler.447)
2020-05-07T13:09:25.119708Z: t=b307: Info: mon: Stop skipped - changeMonitor is already stopped 8D0E76C95CFBD7880A495C73@AdobeID.00000000-0000-0000-0000-000000000000.cclibraries (ChangeMonitorController.cpp.stopHandler.454)
2020-05-07T13:09:25.119808Z: t=b307: Info: mon: End Stop in state auth from current state stopped+auth 8D0E76C95CFBD7880A495C73@AdobeID.00000000-0000-0000-0000-000000000000.cclibraries (ChangeMonitorController.cpp.stopHandler.447)
2020-05-07T13:09:25.119833Z: t=a607: Info: [livetype] synced fonts
2020-05-07T13:09:25.119898Z: t=6d1f: Info: syn: End Stopping change monitors for 8D0E76C95CFBD7880A495C73@AdobeID (SyncController.cpp.stopChangeMonitorsHandlerIf.2105)
2020-05-07T13:09:25.119957Z: t=6d1f: Info: syn: End Stopping due to auth_invalidated for 8D0E76C95CFBD7880A495C73@AdobeID (SyncController.cpp.stopHandler.813)
2020-05-07T13:09:25.120022Z: t=6d1f: Info: auth: Invalidating access for vanderpool915@gmail.com (SSO) for 8D0E76C95CFBD7880A495C73@AdobeID (AuthController.cpp.invalidate.255)
2020-05-07T13:09:25.120126Z: t=6d1f: Info: syn: End Invalidating access for 8D0E76C95CFBD7880A495C73@AdobeID (SyncController.cpp.authInvalidateHandler.1194)
2020-05-07T13:09:25.120329Z: t=6d1f: Info: ipc: Sending success sync.out.response.auth.invalidate 8D0E76C95CFBD7880A495C73@AdobeID 3701F572-F816-4E3D-B3A9-19663BCB385C >> ADCS (CoreSyncController.cpp.sendResponse.260)
2020-05-07T13:23:10.526163Z: t=0307: Info: system: Begin incoming system notification 'NSWorkspaceWillSleepNotification' (MSystemObserver.mm.-[SystemEventHandler onEvent:].79)
2020-05-07T13:23:10.526975Z: t=0307: Info: system: End incoming system notification 'NSWorkspaceWillSleepNotification' (MSystemObserver.mm.-[SystemEventHandler onEvent:].79)
2020-05-07T13:23:10.533469Z: t=6d1f: Info: syn: Begin Handling system sleep for 8D0E76C95CFBD7880A495C73@AdobeID (SyncController.cpp.systemSleepHandler.861)
2020-05-07T13:23:10.533684Z: t=6d1f: Info: syn: Begin Stopping due to system_sleep for 8D0E76C95CFBD7880A495C73@AdobeID (SyncController.cpp.stopHandler.813)
2020-05-07T13:23:10.533901Z: t=6d1f: Info: syn: Begin Stopping jobs for 8D0E76C95CFBD7880A495C73@AdobeID (SyncController.cpp.stopJobsHandlerIf.1785)
2020-05-07T13:23:10.539184Z: t=b703: Info: job: Begin Stop in state system_sleep from current state stopped+auth 8D0E76C95CFBD7880A495C73@AdobeID.00000000-0000-0000-0000-000000000000.cloudnative (JobController.cpp.stopHandler.2799)
2020-05-07T13:23:10.539305Z: t=b703: Info: job: Job is already stopped 8D0E76C95CFBD7880A495C73@AdobeID.00000000-0000-0000-0000-000000000000.cloudnative (JobController.cpp.stopHandler.2841)
2020-05-07T13:23:10.539349Z: t=b703: Info: job: End Stop in state system_sleep from current state stopped+auth 8D0E76C95CFBD7880A495C73@AdobeID.00000000-0000-0000-0000-000000000000.cloudnative (JobController.cpp.stopHandler.2799)
2020-05-07T13:23:10.539455Z: t=14203: Info: job: Begin Stop in state system_sleep from current state stopped+auth 8D0E76C95CFBD7880A495C73@AdobeID.00000000-0000-0000-0000-000000000000.files (JobController.cpp.stopHandler.2799)
2020-05-07T13:23:10.539541Z: t=14203: Info: job: Job is already stopped 8D0E76C95CFBD7880A495C73@AdobeID.00000000-0000-0000-0000-000000000000.files (JobController.cpp.stopHandler.2841)
2020-05-07T13:23:10.539624Z: t=14203: Info: job: End Stop in state system_sleep from current state stopped+auth 8D0E76C95CFBD7880A495C73@AdobeID.00000000-0000-0000-0000-000000000000.files (JobController.cpp.stopHandler.2799)
2020-05-07T13:23:10.543176Z: t=6d1f: Info: syn: End Stopping jobs for 8D0E76C95CFBD7880A495C73@AdobeID (SyncController.cpp.stopJobsHandlerIf.1785)
2020-05-07T13:23:10.543322Z: t=6d1f: Info: syn: Begin Stopping change monitors for 8D0E76C95CFBD7880A495C73@AdobeID (SyncController.cpp.stopChangeMonitorsHandlerIf.2105)
2020-05-07T13:23:10.546119Z: t=b307: Info: mon: Begin Stop in state system_sleep from current state stopped+auth 8D0E76C95CFBD7880A495C73@AdobeID.00000000-0000-0000-0000-000000000000.cclibraries (ChangeMonitorController.cpp.stopHandler.447)
2020-05-07T13:23:10.546218Z: t=b307: Info: mon: Stop skipped - changeMonitor is already stopped 8D0E76C95CFBD7880A495C73@AdobeID.00000000-0000-0000-0000-000000000000.cclibraries (ChangeMonitorController.cpp.stopHandler.454)
2020-05-07T13:23:10.546259Z: t=b307: Info: mon: End Stop in state system_sleep from current state stopped+auth 8D0E76C95CFBD7880A495C73@AdobeID.00000000-0000-0000-0000-000000000000.cclibraries (ChangeMonitorController.cpp.stopHandler.447)
2020-05-07T13:23:10.547904Z: t=6d1f: Info: syn: End Stopping change monitors for 8D0E76C95CFBD7880A495C73@AdobeID (SyncController.cpp.stopChangeMonitorsHandlerIf.2105)
2020-05-07T13:23:10.547987Z: t=6d1f: Info: syn: End Stopping due to system_sleep for 8D0E76C95CFBD7880A495C73@AdobeID (SyncController.cpp.stopHandler.813)
2020-05-07T13:23:10.548024Z: t=6d1f: Info: syn: End Handling system sleep for 8D0E76C95CFBD7880A495C73@AdobeID (SyncController.cpp.systemSleepHandler.861)
2020-05-07T13:29:59.652470Z: t=0307: Info: [livetype] machine wake up from sleep
2020-05-07T13:29:59.652799Z: t=0307: Info: system: Begin incoming system notification 'NSWorkspaceDidWakeNotification' (MSystemObserver.mm.-[SystemEventHandler onEvent:].79)
2020-05-07T13:29:59.652965Z: t=0307: Info: system: End incoming system notification 'NSWorkspaceDidWakeNotification' (MSystemObserver.mm.-[SystemEventHandler onEvent:].79)
2020-05-07T13:29:59.935539Z: t=0307: Info: jura: Connectivity change was: online, now: offline (NetworkMonitor_mac.mm.onReachabilityChange.198)
2020-05-07T13:29:59.945167Z: t=6d1f: Info: syn: Begin Handling network offline for 8D0E76C95CFBD7880A495C73@AdobeID (SyncController.cpp.networkOfflineHandler.875)
2020-05-07T13:29:59.951846Z: t=6d1f: Info: syn: Begin Stopping due to connectivity for 8D0E76C95CFBD7880A495C73@AdobeID (SyncController.cpp.stopHandler.813)
2020-05-07T13:29:59.952173Z: t=6d1f: Info: syn: Begin Stopping jobs for 8D0E76C95CFBD7880A495C73@AdobeID (SyncController.cpp.stopJobsHandlerIf.1785)
2020-05-07T13:29:59.957422Z: t=14203: Info: job: Begin Stop in state connectivity from current state stopped+auth 8D0E76C95CFBD7880A495C73@AdobeID.00000000-0000-0000-0000-000000000000.files (JobController.cpp.stopHandler.2799)
2020-05-07T13:29:59.957740Z: t=14203: Info: job: Job is already stopped 8D0E76C95CFBD7880A495C73@AdobeID.00000000-0000-0000-0000-000000000000.files (JobController.cpp.stopHandler.2841)
2020-05-07T13:29:59.957799Z: t=14203: Info: job: End Stop in state connectivity from current state stopped+auth 8D0E76C95CFBD7880A495C73@AdobeID.00000000-0000-0000-0000-000000000000.files (JobController.cpp.stopHandler.2799)
2020-05-07T13:29:59.957473Z: t=b703: Info: job: Begin Stop in state connectivity from current state stopped+auth 8D0E76C95CFBD7880A495C73@AdobeID.00000000-0000-0000-0000-000000000000.cloudnative (JobController.cpp.stopHandler.2799)
2020-05-07T13:29:59.958785Z: t=b703: Info: job: Job is already stopped 8D0E76C95CFBD7880A495C73@AdobeID.00000000-0000-0000-0000-000000000000.cloudnative (JobController.cpp.stopHandler.2841)
2020-05-07T13:29:59.958872Z: t=b703: Info: job: End Stop in state connectivity from current state stopped+auth 8D0E76C95CFBD7880A495C73@AdobeID.00000000-0000-0000-0000-000000000000.cloudnative (JobController.cpp.stopHandler.2799)
2020-05-07T13:29:59.961486Z: t=6d1f: Info: syn: End Stopping jobs for 8D0E76C95CFBD7880A495C73@AdobeID (SyncController.cpp.stopJobsHandlerIf.1785)
2020-05-07T13:29:59.961644Z: t=6d1f: Info: syn: Begin Stopping change monitors for 8D0E76C95CFBD7880A495C73@AdobeID (SyncController.cpp.stopChangeMonitorsHandlerIf.2105)
2020-05-07T13:29:59.974451Z: t=b307: Info: mon: Begin Stop in state connectivity from current state stopped+auth 8D0E76C95CFBD7880A495C73@AdobeID.00000000-0000-0000-0000-000000000000.cclibraries (ChangeMonitorController.cpp.stopHandler.447)
2020-05-07T13:29:59.974606Z: t=b307: Info: mon: Stop skipped - changeMonitor is already stopped 8D0E76C95CFBD7880A495C73@AdobeID.00000000-0000-0000-0000-000000000000.cclibraries (ChangeMonitorController.cpp.stopHandler.454)
2020-05-07T13:29:59.974667Z: t=b307: Info: mon: End Stop in state connectivity from current state stopped+auth 8D0E76C95CFBD7880A495C73@AdobeID.00000000-0000-0000-0000-000000000000.cclibraries (ChangeMonitorController.cpp.stopHandler.447)
2020-05-07T13:29:59.977880Z: t=6d1f: Info: syn: End Stopping change monitors for 8D0E76C95CFBD7880A495C73@AdobeID (SyncController.cpp.stopChangeMonitorsHandlerIf.2105)
2020-05-07T13:29:59.977952Z: t=6d1f: Info: syn: End Stopping due to connectivity for 8D0E76C95CFBD7880A495C73@AdobeID (SyncController.cpp.stopHandler.813)
2020-05-07T13:29:59.977972Z: t=6d1f: Info: syn: End Handling network offline for 8D0E76C95CFBD7880A495C73@AdobeID (SyncController.cpp.networkOfflineHandler.875)
2020-05-07T13:30:04.541009Z: t=0307: Info: jura: Connectivity change was: offline, now: online (NetworkMonitor_mac.mm.onReachabilityChange.198)
2020-05-07T13:30:04.544162Z: t=6d1f: Info: syn: Begin Handling network online for 8D0E76C95CFBD7880A495C73@AdobeID (SyncController.cpp.networkOnlineHandler.880)
2020-05-07T13:30:04.544266Z: t=6d1f: Info: syn: Begin Starting for 8D0E76C95CFBD7880A495C73@AdobeID (SyncController.cpp.startHandler.789)
2020-05-07T13:30:04.544495Z: t=6d1f: Info: syn: Begin Starting jobs for 8D0E76C95CFBD7880A495C73@AdobeID (SyncController.cpp.startJobsHandlerIf.1804)
2020-05-07T13:30:04.545259Z: t=b703: Info: job: Begin Start 8D0E76C95CFBD7880A495C73@AdobeID.00000000-0000-0000-0000-000000000000.cloudnative (JobController.cpp.startHandler.2693)
2020-05-07T13:30:04.545327Z: t=14203: Info: job: Begin Start 8D0E76C95CFBD7880A495C73@AdobeID.00000000-0000-0000-0000-000000000000.files (JobController.cpp.startHandler.2693)
2020-05-07T13:30:04.545540Z: t=14203: Info: job: Start failed - job is not authorized invalidated 8D0E76C95CFBD7880A495C73@AdobeID.00000000-0000-0000-0000-000000000000.files (JobController.cpp.startHandler.2704)
2020-05-07T13:30:04.545782Z: t=14203: Info: job: End Start 8D0E76C95CFBD7880A495C73@AdobeID.00000000-0000-0000-0000-000000000000.files (JobController.cpp.startHandler.2693)
2020-05-07T13:30:04.545867Z: t=14203: Error: task: exception unauthorized musync:13 in doWork (Task.h.doWork.188)
2020-05-07T13:30:04.545341Z: t=b703: Info: job: Start failed - job is not authorized invalidated 8D0E76C95CFBD7880A495C73@AdobeID.00000000-0000-0000-0000-000000000000.cloudnative (JobController.cpp.startHandler.2704)
2020-05-07T13:30:04.545997Z: t=b703: Info: job: End Start 8D0E76C95CFBD7880A495C73@AdobeID.00000000-0000-0000-0000-000000000000.cloudnative (JobController.cpp.startHandler.2693)
2020-05-07T13:30:04.546051Z: t=b703: Error: task: exception unauthorized musync:13 in doWork (Task.h.doWork.188)
2020-05-07T13:30:04.546360Z: t=6d1f: Info: syn: End Starting jobs for 8D0E76C95CFBD7880A495C73@AdobeID (SyncController.cpp.startJobsHandlerIf.1804)
2020-05-07T13:30:04.546415Z: t=6d1f: Info: syn: Begin Starting change monitors for 8D0E76C95CFBD7880A495C73@AdobeID (SyncController.cpp.startChangeMonitorsHandlerIf.2121)
2020-05-07T13:30:04.546489Z: t=b307: Info: mon: Begin Start 8D0E76C95CFBD7880A495C73@AdobeID.00000000-0000-0000-0000-000000000000.cclibraries (ChangeMonitorController.cpp.startHandler.413)
2020-05-07T13:30:04.546574Z: t=b307: Info: mon: Start failed - changeMonitor is not authorized invalidated 8D0E76C95CFBD7880A495C73@AdobeID.00000000-0000-0000-0000-000000000000.cclibraries (ChangeMonitorController.cpp.startHandler.424)
2020-05-07T13:30:04.546642Z: t=b307: Info: mon: End Start 8D0E76C95CFBD7880A495C73@AdobeID.00000000-0000-0000-0000-000000000000.cclibraries (ChangeMonitorController.cpp.startHandler.413)
2020-05-07T13:30:04.546694Z: t=b307: Error: task: exception unauthorized musync:13 in doWork (Task.h.doWork.188)
2020-05-07T13:30:04.546781Z: t=6d1f: Info: syn: End Starting change monitors for 8D0E76C95CFBD7880A495C73@AdobeID (SyncController.cpp.startChangeMonitorsHandlerIf.2121)
2020-05-07T13:30:04.546847Z: t=6d1f: Info: syn: End Starting for 8D0E76C95CFBD7880A495C73@AdobeID (SyncController.cpp.startHandler.789)
2020-05-07T13:30:04.546886Z: t=6d1f: Info: syn: End Handling network online for 8D0E76C95CFBD7880A495C73@AdobeID (SyncController.cpp.networkOnlineHandler.880)
2020-05-07T13:30:04.546960Z: t=6d1f: Error: syn: exception unauthorized musync:13 network.online (SyncController.cpp.networkOnline.755)
2020-05-07T13:30:16.026242Z: t=6d1f: Info: syn: Begin Handling system wake for 8D0E76C95CFBD7880A495C73@AdobeID (SyncController.cpp.systemWakeHandler.866)
2020-05-07T13:30:16.026564Z: t=6d1f: Info: syn: Begin Starting for 8D0E76C95CFBD7880A495C73@AdobeID (SyncController.cpp.startHandler.789)
2020-05-07T13:30:16.026677Z: t=6d1f: Info: syn: Begin Starting jobs for 8D0E76C95CFBD7880A495C73@AdobeID (SyncController.cpp.startJobsHandlerIf.1804)
2020-05-07T13:30:16.026711Z: t=14203: Info: job: Begin Start 8D0E76C95CFBD7880A495C73@AdobeID.00000000-0000-0000-0000-000000000000.files (JobController.cpp.startHandler.2693)
2020-05-07T13:30:16.026711Z: t=b703: Info: job: Begin Start 8D0E76C95CFBD7880A495C73@AdobeID.00000000-0000-0000-0000-000000000000.cloudnative (JobController.cpp.startHandler.2693)
2020-05-07T13:30:16.026807Z: t=14203: Info: job: Start failed - job is not authorized invalidated 8D0E76C95CFBD7880A495C73@AdobeID.00000000-0000-0000-0000-000000000000.files (JobController.cpp.startHandler.2704)
2020-05-07T13:30:16.026869Z: t=b703: Info: job: Start failed - job is not authorized invalidated 8D0E76C95CFBD7880A495C73@AdobeID.00000000-0000-0000-0000-000000000000.cloudnative (JobController.cpp.startHandler.2704)
2020-05-07T13:30:16.026932Z: t=14203: Info: job: End Start 8D0E76C95CFBD7880A495C73@AdobeID.00000000-0000-0000-0000-000000000000.files (JobController.cpp.startHandler.2693)
2020-05-07T13:30:16.026964Z: t=b703: Info: job: End Start 8D0E76C95CFBD7880A495C73@AdobeID.00000000-0000-0000-0000-000000000000.cloudnative (JobController.cpp.startHandler.2693)
2020-05-07T13:30:16.027118Z: t=b703: Error: task: exception unauthorized musync:13 in doWork (Task.h.doWork.188)
2020-05-07T13:30:16.027047Z: t=14203: Error: task: exception unauthorized musync:13 in doWork (Task.h.doWork.188)
2020-05-07T13:30:16.027216Z: t=6d1f: Info: syn: End Starting jobs for 8D0E76C95CFBD7880A495C73@AdobeID (SyncController.cpp.startJobsHandlerIf.1804)
2020-05-07T13:30:16.027271Z: t=6d1f: Info: syn: Begin Starting change monitors for 8D0E76C95CFBD7880A495C73@AdobeID (SyncController.cpp.startChangeMonitorsHandlerIf.2121)
2020-05-07T13:30:16.027297Z: t=b307: Info: mon: Begin Start 8D0E76C95CFBD7880A495C73@AdobeID.00000000-0000-0000-0000-000000000000.cclibraries (ChangeMonitorController.cpp.startHandler.413)
2020-05-07T13:30:16.027342Z: t=b307: Info: mon: Start failed - changeMonitor is not authorized invalidated 8D0E76C95CFBD7880A495C73@AdobeID.00000000-0000-0000-0000-000000000000.cclibraries (ChangeMonitorController.cpp.startHandler.424)
2020-05-07T13:30:16.027375Z: t=b307: Info: mon: End Start 8D0E76C95CFBD7880A495C73@AdobeID.00000000-0000-0000-0000-000000000000.cclibraries (ChangeMonitorController.cpp.startHandler.413)
2020-05-07T13:30:16.027404Z: t=b307: Error: task: exception unauthorized musync:13 in doWork (Task.h.doWork.188)
2020-05-07T13:30:16.027445Z: t=6d1f: Info: syn: End Starting change monitors for 8D0E76C95CFBD7880A495C73@AdobeID (SyncController.cpp.startChangeMonitorsHandlerIf.2121)
2020-05-07T13:30:16.027488Z: t=6d1f: Info: syn: End Starting for 8D0E76C95CFBD7880A495C73@AdobeID (SyncController.cpp.startHandler.789)
2020-05-07T13:30:16.027532Z: t=6d1f: Info: syn: End Handling system wake for 8D0E76C95CFBD7880A495C73@AdobeID (SyncController.cpp.systemWakeHandler.866)
2020-05-07T13:30:16.027557Z: t=6d1f: Error: syn: exception unauthorized musync:13 system.wake (SyncController.cpp.systemWake.740)
2020-05-07T13:32:10.545674Z: t=0307: Info: system: Begin incoming system notification 'NSWorkspaceWillSleepNotification' (MSystemObserver.mm.-[SystemEventHandler onEvent:].79)
2020-05-07T13:32:10.550612Z: t=0307: Info: system: End incoming system notification 'NSWorkspaceWillSleepNotification' (MSystemObserver.mm.-[SystemEventHandler onEvent:].79)
2020-05-07T13:32:10.553870Z: t=6d1f: Info: syn: Begin Handling system sleep for 8D0E76C95CFBD7880A495C73@AdobeID (SyncController.cpp.systemSleepHandler.861)
2020-05-07T13:32:10.553957Z: t=6d1f: Info: syn: Begin Stopping due to system_sleep for 8D0E76C95CFBD7880A495C73@AdobeID (SyncController.cpp.stopHandler.813)
2020-05-07T13:32:10.554186Z: t=6d1f: Info: syn: Begin Stopping jobs for 8D0E76C95CFBD7880A495C73@AdobeID (SyncController.cpp.stopJobsHandlerIf.1785)
2020-05-07T13:32:10.557170Z: t=b703: Info: job: Begin Stop in state system_sleep from current state stopped+auth 8D0E76C95CFBD7880A495C73@AdobeID.00000000-0000-0000-0000-000000000000.cloudnative (JobController.cpp.stopHandler.2799)
2020-05-07T13:32:10.557611Z: t=b703: Info: job: Job is already stopped 8D0E76C95CFBD7880A495C73@AdobeID.00000000-0000-0000-0000-000000000000.cloudnative (JobController.cpp.stopHandler.2841)
2020-05-07T13:32:10.558055Z: t=b703: Info: job: End Stop in state system_sleep from current state stopped+auth 8D0E76C95CFBD7880A495C73@AdobeID.00000000-0000-0000-0000-000000000000.cloudnative (JobController.cpp.stopHandler.2799)
2020-05-07T13:32:10.557338Z: t=14203: Info: job: Begin Stop in state system_sleep from current state stopped+auth 8D0E76C95CFBD7880A495C73@AdobeID.00000000-0000-0000-0000-000000000000.files (JobController.cpp.stopHandler.2799)
2020-05-07T13:32:10.560564Z: t=14203: Info: job: Job is already stopped 8D0E76C95CFBD7880A495C73@AdobeID.00000000-0000-0000-0000-000000000000.files (JobController.cpp.stopHandler.2841)
2020-05-07T13:32:10.560624Z: t=14203: Info: job: End Stop in state system_sleep from current state stopped+auth 8D0E76C95CFBD7880A495C73@AdobeID.00000000-0000-0000-0000-000000000000.files (JobController.cpp.stopHandler.2799)
2020-05-07T13:32:10.560790Z: t=6d1f: Info: syn: End Stopping jobs for 8D0E76C95CFBD7880A495C73@AdobeID (SyncController.cpp.stopJobsHandlerIf.1785)
2020-05-07T13:32:10.560864Z: t=6d1f: Info: syn: Begin Stopping change monitors for 8D0E76C95CFBD7880A495C73@AdobeID (SyncController.cpp.stopChangeMonitorsHandlerIf.2105)
2020-05-07T13:32:10.561597Z: t=b307: Info: mon: Begin Stop in state system_sleep from current state stopped+auth 8D0E76C95CFBD7880A495C73@AdobeID.00000000-0000-0000-0000-000000000000.cclibraries (ChangeMonitorController.cpp.stopHandler.447)
2020-05-07T13:32:10.561708Z: t=b307: Info: mon: Stop skipped - changeMonitor is already stopped 8D0E76C95CFBD7880A495C73@AdobeID.00000000-0000-0000-0000-000000000000.cclibraries (ChangeMonitorController.cpp.stopHandler.454)
2020-05-07T13:32:10.561754Z: t=b307: Info: mon: End Stop in state system_sleep from current state stopped+auth 8D0E76C95CFBD7880A495C73@AdobeID.00000000-0000-0000-0000-000000000000.cclibraries (ChangeMonitorController.cpp.stopHandler.447)
2020-05-07T13:32:10.562194Z: t=6d1f: Info: syn: End Stopping change monitors for 8D0E76C95CFBD7880A495C73@AdobeID (SyncController.cpp.stopChangeMonitorsHandlerIf.2105)
2020-05-07T13:32:10.562301Z: t=6d1f: Info: syn: End Stopping due to system_sleep for 8D0E76C95CFBD7880A495C73@AdobeID (SyncController.cpp.stopHandler.813)
2020-05-07T13:32:10.562371Z: t=6d1f: Info: syn: End Handling system sleep for 8D0E76C95CFBD7880A495C73@AdobeID (SyncController.cpp.systemSleepHandler.861)
2020-05-07T15:45:04.853540Z: t=0307: Info: jura: Connectivity change was: online, now: offline (NetworkMonitor_mac.mm.onReachabilityChange.198)
2020-05-07T15:45:04.856727Z: t=6d1f: Info: syn: Begin Handling network offline for 8D0E76C95CFBD7880A495C73@AdobeID (SyncController.cpp.networkOfflineHandler.875)
2020-05-07T15:45:04.856824Z: t=6d1f: Info: syn: Begin Stopping due to connectivity for 8D0E76C95CFBD7880A495C73@AdobeID (SyncController.cpp.stopHandler.813)
2020-05-07T15:45:04.856904Z: t=6d1f: Info: syn: Begin Stopping jobs for 8D0E76C95CFBD7880A495C73@AdobeID (SyncController.cpp.stopJobsHandlerIf.1785)
2020-05-07T15:45:04.857919Z: t=b703: Info: job: Begin Stop in state connectivity from current state stopped+auth 8D0E76C95CFBD7880A495C73@AdobeID.00000000-0000-0000-0000-000000000000.cloudnative (JobController.cpp.stopHandler.2799)
2020-05-07T15:45:04.858010Z: t=b703: Info: job: Job is already stopped 8D0E76C95CFBD7880A495C73@AdobeID.00000000-0000-0000-0000-000000000000.cloudnative (JobController.cpp.stopHandler.2841)
2020-05-07T15:45:04.858052Z: t=b703: Info: job: End Stop in state connectivity from current state stopped+auth 8D0E76C95CFBD7880A495C73@AdobeID.00000000-0000-0000-0000-000000000000.cloudnative (JobController.cpp.stopHandler.2799)
2020-05-07T15:45:04.858068Z: t=14203: Info: job: Begin Stop in state connectivity from current state stopped+auth 8D0E76C95CFBD7880A495C73@AdobeID.00000000-0000-0000-0000-000000000000.files (JobController.cpp.stopHandler.2799)
2020-05-07T15:45:04.858147Z: t=14203: Info: job: Job is already stopped 8D0E76C95CFBD7880A495C73@AdobeID.00000000-0000-0000-0000-000000000000.files (JobController.cpp.stopHandler.2841)
2020-05-07T15:45:04.858194Z: t=14203: Info: job: End Stop in state connectivity from current state stopped+auth 8D0E76C95CFBD7880A495C73@AdobeID.00000000-0000-0000-0000-000000000000.files (JobController.cpp.stopHandler.2799)
2020-05-07T15:45:04.859688Z: t=6d1f: Info: syn: End Stopping jobs for 8D0E76C95CFBD7880A495C73@AdobeID (SyncController.cpp.stopJobsHandlerIf.1785)
2020-05-07T15:45:04.859841Z: t=6d1f: Info: syn: Begin Stopping change monitors for 8D0E76C95CFBD7880A495C73@AdobeID (SyncController.cpp.stopChangeMonitorsHandlerIf.2105)
2020-05-07T15:45:04.862841Z: t=b307: Info: mon: Begin Stop in state connectivity from current state stopped+auth 8D0E76C95CFBD7880A495C73@AdobeID.00000000-0000-0000-0000-000000000000.cclibraries (ChangeMonitorController.cpp.stopHandler.447)
2020-05-07T15:45:04.863049Z: t=b307: Info: mon: Stop skipped - changeMonitor is already stopped 8D0E76C95CFBD7880A495C73@AdobeID.00000000-0000-0000-0000-000000000000.cclibraries (ChangeMonitorController.cpp.stopHandler.454)
2020-05-07T15:45:04.863101Z: t=b307: Info: mon: End Stop in state connectivity from current state stopped+auth 8D0E76C95CFBD7880A495C73@AdobeID.00000000-0000-0000-0000-000000000000.cclibraries (ChangeMonitorController.cpp.stopHandler.447)
2020-05-07T15:45:04.873859Z: t=6d1f: Info: syn: End Stopping change monitors for 8D0E76C95CFBD7880A495C73@AdobeID (SyncController.cpp.stopChangeMonitorsHandlerIf.2105)
2020-05-07T15:45:04.873940Z: t=6d1f: Info: syn: End Stopping due to connectivity for 8D0E76C95CFBD7880A495C73@AdobeID (SyncController.cpp.stopHandler.813)
2020-05-07T15:45:04.873973Z: t=6d1f: Info: syn: End Handling network offline for 8D0E76C95CFBD7880A495C73@AdobeID (SyncController.cpp.networkOfflineHandler.875)
